<?xml version="1.0" encoding="UTF-8"?>
<testsuite name="MinesweeperTest" tests="1" skipped="0" failures="0" errors="0" timestamp="2022-05-12T07:54:02" hostname="onesspark-Latitude-5521" time="1.339">
  <properties/>
  <testcase name="start" classname="MinesweeperTest" time="1.339"/>
  <system-out><![CDATA[?[1;31m
Start test 1?[0m
How many mines do you want on the field? 
> 1
 |123456789|
—|—————————|
1|.........|
2|.........|
3|.........|
4|.........|
5|.........|
6|.........|
7|.........|
8|...111...|
9|...1.1...|
-|—————————|
Set/unset mines marks or claim a cell as free: 
> 7 1 mine
 |123456789|
—|—————————|
1|......*..|
2|.........|
3|.........|
4|.........|
5|.........|
6|.........|
7|.........|
8|...111...|
9|...1.1...|
-|—————————|
Set/unset mines marks or claim a cell as free: 
> 1 1 mine
 |123456789|
—|—————————|
1|*.....*..|
2|.........|
3|.........|
4|.........|
5|.........|
6|.........|
7|.........|
8|...111...|
9|...1.1...|
-|—————————|
Set/unset mines marks or claim a cell as free: 
> 7 8 mine
 |123456789|
—|—————————|
1|*.....*..|
2|.........|
3|.........|
4|.........|
5|.........|
6|.........|
7|.........|
8|...111*..|
9|...1.1...|
-|—————————|
Set/unset mines marks or claim a cell as free: 
> 5 1 free
 |123456789|
—|—————————|
1|/////////|
2|/////////|
3|/////////|
4|/////////|
5|/////////|
6|/////////|
7|/////////|
8|///111///|
9|///1.1///|
-|—————————|
Set/unset mines marks or claim a cell as free: 
> 5 9 free
 |123456789|
—|—————————|
1|/////////|
2|/////////|
3|/////////|
4|/////////|
5|/////////|
6|/////////|
7|/////////|
8|///111///|
9|///1X1///|
-|—————————|
You stepped on a mine and failed!
?[1;31m
Start test 2?[0m
How many mines do you want on the field? 
> 1
 |123456789|
—|—————————|
1|.........|
2|.........|
3|.....111.|
4|.....1.1.|
5|.....111.|
6|.........|
7|.........|
8|.........|
9|.........|
-|—————————|
Set/unset mines marks or claim a cell as free: 
> 3 9 mine
 |123456789|
—|—————————|
1|.........|
2|.........|
3|.....111.|
4|.....1.1.|
5|.....111.|
6|.........|
7|.........|
8|.........|
9|..*......|
-|—————————|
Set/unset mines marks or claim a cell as free: 
> 1 3 free
 |123456789|
—|—————————|
1|/////////|
2|/////////|
3|/////111/|
4|/////1.1/|
5|/////111/|
6|/////////|
7|/////////|
8|/////////|
9|/////////|
-|—————————|
Set/unset mines marks or claim a cell as free: 
> 7 4 free
 |123456789|
—|—————————|
1|/////////|
2|/////////|
3|/////111/|
4|/////1X1/|
5|/////111/|
6|/////////|
7|/////////|
8|/////////|
9|/////////|
-|—————————|
You stepped on a mine and failed!
?[1;31m
Start test 3?[0m
How many mines do you want on the field? 
> 1
 |123456789|
—|—————————|
1|.........|
2|.........|
3|.........|
4|.........|
5|.........|
6|.........|
7|.........|
8|..111....|
9|..1.1....|
-|—————————|
Set/unset mines marks or claim a cell as free: 
> 1 7 mine
 |123456789|
—|—————————|
1|.........|
2|.........|
3|.........|
4|.........|
5|.........|
6|.........|
7|*........|
8|..111....|
9|..1.1....|
-|—————————|
Set/unset mines marks or claim a cell as free: 
> 1 7 mine
 |123456789|
—|—————————|
1|.........|
2|.........|
3|.........|
4|.........|
5|.........|
6|.........|
7|.........|
8|..111....|
9|..1.1....|
-|—————————|
Set/unset mines marks or claim a cell as free: 
> 3 5 free
 |123456789|
—|—————————|
1|/////////|
2|/////////|
3|/////////|
4|/////////|
5|/////////|
6|/////////|
7|/////////|
8|//111////|
9|//1.1////|
-|—————————|
Set/unset mines marks or claim a cell as free: 
> 4 9 free
 |123456789|
—|—————————|
1|/////////|
2|/////////|
3|/////////|
4|/////////|
5|/////////|
6|/////////|
7|/////////|
8|//111////|
9|//1X1////|
-|—————————|
You stepped on a mine and failed!
?[1;31m
Start test 4?[0m
How many mines do you want on the field? 
> 1
 |123456789|
—|—————————|
1|.........|
2|.........|
3|.........|
4|111......|
5|1.1......|
6|111......|
7|.........|
8|.........|
9|.........|
-|—————————|
Set/unset mines marks or claim a cell as free: 
> 4 4 free
 |123456789|
—|—————————|
1|/////////|
2|/////////|
3|/////////|
4|111//////|
5|1.1//////|
6|111//////|
7|/////////|
8|/////////|
9|/////////|
-|—————————|
Set/unset mines marks or claim a cell as free: 
> 2 5 mine
Congratulations! You found all the mines!
?[1;31m
Start test 5?[0m
How many mines do you want on the field? 
> 1
 |123456789|
—|—————————|
1|.........|
2|.........|
3|.........|
4|111......|
5|1.1......|
6|111......|
7|.........|
8|.........|
9|.........|
-|—————————|
Set/unset mines marks or claim a cell as free: 
> 2 2 mine
 |123456789|
—|—————————|
1|.........|
2|.*.......|
3|.........|
4|111......|
5|1.1......|
6|111......|
7|.........|
8|.........|
9|.........|
-|—————————|
Set/unset mines marks or claim a cell as free: 
> 2 2 mine
 |123456789|
—|—————————|
1|.........|
2|.........|
3|.........|
4|111......|
5|1.1......|
6|111......|
7|.........|
8|.........|
9|.........|
-|—————————|
Set/unset mines marks or claim a cell as free: 
> 8 5 free
 |123456789|
—|—————————|
1|/////////|
2|/////////|
3|/////////|
4|111//////|
5|1.1//////|
6|111//////|
7|/////////|
8|/////////|
9|/////////|
-|—————————|
Set/unset mines marks or claim a cell as free: 
> 2 5 free
 |123456789|
—|—————————|
1|/////////|
2|/////////|
3|/////////|
4|111//////|
5|1X1//////|
6|111//////|
7|/////////|
8|/////////|
9|/////////|
-|—————————|
You stepped on a mine and failed!
?[1;31m
Start test 6?[0m
How many mines do you want on the field? 
> 1
 |123456789|
—|—————————|
1|.111.....|
2|.1.1.....|
3|.111.....|
4|.........|
5|.........|
6|.........|
7|.........|
8|.........|
9|.........|
-|—————————|
Set/unset mines marks or claim a cell as free: 
> 8 5 free
 |123456789|
—|—————————|
1|/111/////|
2|/1.1/////|
3|/111/////|
4|/////////|
5|/////////|
6|/////////|
7|/////////|
8|/////////|
9|/////////|
-|—————————|
Set/unset mines marks or claim a cell as free: 
> 3 2 free
 |123456789|
—|—————————|
1|/111/////|
2|/1X1/////|
3|/111/////|
4|/////////|
5|/////////|
6|/////////|
7|/////////|
8|/////////|
9|/////////|
-|—————————|
You stepped on a mine and failed!
?[1;31m
Start test 7?[0m
How many mines do you want on the field? 
> 1
 |123456789|
—|—————————|
1|.........|
2|.........|
3|...111...|
4|...1.1...|
5|...111...|
6|.........|
7|.........|
8|.........|
9|.........|
-|—————————|
Set/unset mines marks or claim a cell as free: 
> 2 9 mine
 |123456789|
—|—————————|
1|.........|
2|.........|
3|...111...|
4|...1.1...|
5|...111...|
6|.........|
7|.........|
8|.........|
9|.*.......|
-|—————————|
Set/unset mines marks or claim a cell as free: 
> 2 9 mine
 |123456789|
—|—————————|
1|.........|
2|.........|
3|...111...|
4|...1.1...|
5|...111...|
6|.........|
7|.........|
8|.........|
9|.........|
-|—————————|
Set/unset mines marks or claim a cell as free: 
> 2 2 free
 |123456789|
—|—————————|
1|/////////|
2|/////////|
3|///111///|
4|///1.1///|
5|///111///|
6|/////////|
7|/////////|
8|/////////|
9|/////////|
-|—————————|
Set/unset mines marks or claim a cell as free: 
> 5 4 free
 |123456789|
—|—————————|
1|/////////|
2|/////////|
3|///111///|
4|///1X1///|
5|///111///|
6|/////////|
7|/////////|
8|/////////|
9|/////////|
-|—————————|
You stepped on a mine and failed!
?[1;31m
Start test 8?[0m
How many mines do you want on the field? 
> 1
 |123456789|
—|—————————|
1|.........|
2|.........|
3|.........|
4|.........|
5|.111.....|
6|.1.1.....|
7|.111.....|
8|.........|
9|.........|
-|—————————|
Set/unset mines marks or claim a cell as free: 
> 5 3 free
 |123456789|
—|—————————|
1|/////////|
2|/////////|
3|/////////|
4|/////////|
5|/111/////|
6|/1.1/////|
7|/111/////|
8|/////////|
9|/////////|
-|—————————|
Set/unset mines marks or claim a cell as free: 
> 3 6 free
 |123456789|
—|—————————|
1|/////////|
2|/////////|
3|/////////|
4|/////////|
5|/111/////|
6|/1X1/////|
7|/111/////|
8|/////////|
9|/////////|
-|—————————|
You stepped on a mine and failed!
?[1;31m
Start test 9?[0m
How many mines do you want on the field? 
> 1
 |123456789|
—|—————————|
1|....111..|
2|....1.1..|
3|....111..|
4|.........|
5|.........|
6|.........|
7|.........|
8|.........|
9|.........|
-|—————————|
Set/unset mines marks or claim a cell as free: 
> 9 6 free
 |123456789|
—|—————————|
1|////111//|
2|////1.1//|
3|////111//|
4|/////////|
5|/////////|
6|/////////|
7|/////////|
8|/////////|
9|/////////|
-|—————————|
Set/unset mines marks or claim a cell as free: 
> 6 2 free
 |123456789|
—|—————————|
1|////111//|
2|////1X1//|
3|////111//|
4|/////////|
5|/////////|
6|/////////|
7|/////////|
8|/////////|
9|/////////|
-|—————————|
You stepped on a mine and failed!
?[1;31m
Start test 10?[0m
How many mines do you want on the field? 
> 1
 |123456789|
—|—————————|
1|.........|
2|.111.....|
3|.1.1.....|
4|.111.....|
5|.........|
6|.........|
7|.........|
8|.........|
9|.........|
-|—————————|
Set/unset mines marks or claim a cell as free: 
> 6 8 free
 |123456789|
—|—————————|
1|/////////|
2|/111/////|
3|/1.1/////|
4|/111/////|
5|/////////|
6|/////////|
7|/////////|
8|/////////|
9|/////////|
-|—————————|
Set/unset mines marks or claim a cell as free: 
> 3 3 free
 |123456789|
—|—————————|
1|/////////|
2|/111/////|
3|/1X1/////|
4|/111/////|
5|/////////|
6|/////////|
7|/////////|
8|/////////|
9|/////////|
-|—————————|
You stepped on a mine and failed!
?[1;31m
Start test 11?[0m
How many mines do you want on the field? 
> 1
 |123456789|
—|—————————|
1|.......11|
2|.......1.|
3|.......11|
4|.........|
5|.........|
6|.........|
7|.........|
8|.........|
9|.........|
-|—————————|
Set/unset mines marks or claim a cell as free: 
> 3 8 free
 |123456789|
—|—————————|
1|///////11|
2|///////1.|
3|///////11|
4|/////////|
5|/////////|
6|/////////|
7|/////////|
8|/////////|
9|/////////|
-|—————————|
Set/unset mines marks or claim a cell as free: 
> 9 2 free
 |123456789|
—|—————————|
1|///////11|
2|///////1X|
3|///////11|
4|/////////|
5|/////////|
6|/////////|
7|/////////|
8|/////////|
9|/////////|
-|—————————|
You stepped on a mine and failed!
?[1;31m
Start test 12?[0m
How many mines do you want on the field? 
> 1
 |123456789|
—|—————————|
1|.........|
2|....111..|
3|....1.1..|
4|....111..|
5|.........|
6|.........|
7|.........|
8|.........|
9|.........|
-|—————————|
Set/unset mines marks or claim a cell as free: 
> 1 5 mine
 |123456789|
—|—————————|
1|.........|
2|....111..|
3|....1.1..|
4|....111..|
5|*........|
6|.........|
7|.........|
8|.........|
9|.........|
-|—————————|
Set/unset mines marks or claim a cell as free: 
> 1 5 mine
 |123456789|
—|—————————|
1|.........|
2|....111..|
3|....1.1..|
4|....111..|
5|.........|
6|.........|
7|.........|
8|.........|
9|.........|
-|—————————|
Set/unset mines marks or claim a cell as free: 
> 6 7 free
 |123456789|
—|—————————|
1|/////////|
2|////111//|
3|////1.1//|
4|////111//|
5|/////////|
6|/////////|
7|/////////|
8|/////////|
9|/////////|
-|—————————|
Set/unset mines marks or claim a cell as free: 
> 6 3 free
 |123456789|
—|—————————|
1|/////////|
2|////111//|
3|////1X1//|
4|////111//|
5|/////////|
6|/////////|
7|/////////|
8|/////////|
9|/////////|
-|—————————|
You stepped on a mine and failed!
?[1;31m
Start test 13?[0m
How many mines do you want on the field? 
> 1
 |123456789|
—|—————————|
1|.........|
2|.........|
3|....111..|
4|....1.1..|
5|....111..|
6|.........|
7|.........|
8|.........|
9|.........|
-|—————————|
Set/unset mines marks or claim a cell as free: 
> 1 1 free
 |123456789|
—|—————————|
1|/////////|
2|/////////|
3|////111//|
4|////1.1//|
5|////111//|
6|/////////|
7|/////////|
8|/////////|
9|/////////|
-|—————————|
Set/unset mines marks or claim a cell as free: 
> 6 4 free
 |123456789|
—|—————————|
1|/////////|
2|/////////|
3|////111//|
4|////1X1//|
5|////111//|
6|/////////|
7|/////////|
8|/////////|
9|/////////|
-|—————————|
You stepped on a mine and failed!
?[1;31m
Start test 14?[0m
How many mines do you want on the field? 
> 1
 |123456789|
—|—————————|
1|.........|
2|.........|
3|.........|
4|.........|
5|.........|
6|.........|
7|....111..|
8|....1.1..|
9|....111..|
-|—————————|
Set/unset mines marks or claim a cell as free: 
> 3 2 free
 |123456789|
—|—————————|
1|/////////|
2|/////////|
3|/////////|
4|/////////|
5|/////////|
6|/////////|
7|////111//|
8|////1.1//|
9|////111//|
-|—————————|
Set/unset mines marks or claim a cell as free: 
> 6 8 free
 |123456789|
—|—————————|
1|/////////|
2|/////////|
3|/////////|
4|/////////|
5|/////////|
6|/////////|
7|////111//|
8|////1X1//|
9|////111//|
-|—————————|
You stepped on a mine and failed!
?[1;31m
Start test 15?[0m
How many mines do you want on the field? 
> 1
 |123456789|
—|—————————|
1|......111|
2|......1.1|
3|......111|
4|.........|
5|.........|
6|.........|
7|.........|
8|.........|
9|.........|
-|—————————|
Set/unset mines marks or claim a cell as free: 
> 5 5 free
 |123456789|
—|—————————|
1|//////111|
2|//////1.1|
3|//////111|
4|/////////|
5|/////////|
6|/////////|
7|/////////|
8|/////////|
9|/////////|
-|—————————|
Set/unset mines marks or claim a cell as free: 
> 8 2 free
 |123456789|
—|—————————|
1|//////111|
2|//////1X1|
3|//////111|
4|/////////|
5|/////////|
6|/////////|
7|/////////|
8|/////////|
9|/////////|
-|—————————|
You stepped on a mine and failed!
?[1;31m
Start test 16?[0m
How many mines do you want on the field? 
> 1
 |123456789|
—|—————————|
1|.........|
2|.........|
3|....111..|
4|....1.1..|
5|....111..|
6|.........|
7|.........|
8|.........|
9|.........|
-|—————————|
Set/unset mines marks or claim a cell as free: 
> 6 4 free
 |123456789|
—|—————————|
1|.........|
2|.........|
3|....111..|
4|....1X1..|
5|....111..|
6|.........|
7|.........|
8|.........|
9|.........|
-|—————————|
You stepped on a mine and failed!
?[1;31m
Start test 17?[0m
How many mines do you want on the field? 
> 1
 |123456789|
—|—————————|
1|.......11|
2|.......1.|
3|.......11|
4|.........|
5|.........|
6|.........|
7|.........|
8|.........|
9|.........|
-|—————————|
Set/unset mines marks or claim a cell as free: 
> 4 8 free
 |123456789|
—|—————————|
1|///////11|
2|///////1.|
3|///////11|
4|/////////|
5|/////////|
6|/////////|
7|/////////|
8|/////////|
9|/////////|
-|—————————|
Set/unset mines marks or claim a cell as free: 
> 9 2 free
 |123456789|
—|—————————|
1|///////11|
2|///////1X|
3|///////11|
4|/////////|
5|/////////|
6|/////////|
7|/////////|
8|/////////|
9|/////////|
-|—————————|
You stepped on a mine and failed!
?[1;31m
Start test 18?[0m
How many mines do you want on the field? 
> 1
 |123456789|
—|—————————|
1|.........|
2|.........|
3|.........|
4|.........|
5|.........|
6|.........|
7|.........|
8|.......11|
9|.......1.|
-|—————————|
Set/unset mines marks or claim a cell as free: 
> 5 6 free
 |123456789|
—|—————————|
1|/////////|
2|/////////|
3|/////////|
4|/////////|
5|/////////|
6|/////////|
7|/////////|
8|///////11|
9|///////1.|
-|—————————|
Set/unset mines marks or claim a cell as free: 
> 9 9 free
 |123456789|
—|—————————|
1|/////////|
2|/////////|
3|/////////|
4|/////////|
5|/////////|
6|/////////|
7|/////////|
8|///////11|
9|///////1X|
-|—————————|
You stepped on a mine and failed!
?[1;31m
Start test 19?[0m
How many mines do you want on the field? 
> 1
 |123456789|
—|—————————|
1|.........|
2|.........|
3|.........|
4|.........|
5|.........|
6|....111..|
7|....1.1..|
8|....111..|
9|.........|
-|—————————|
Set/unset mines marks or claim a cell as free: 
> 1 3 free
 |123456789|
—|—————————|
1|/////////|
2|/////////|
3|/////////|
4|/////////|
5|/////////|
6|////111//|
7|////1.1//|
8|////111//|
9|/////////|
-|—————————|
Set/unset mines marks or claim a cell as free: 
> 6 7 free
 |123456789|
—|—————————|
1|/////////|
2|/////////|
3|/////////|
4|/////////|
5|/////////|
6|////111//|
7|////1X1//|
8|////111//|
9|/////////|
-|—————————|
You stepped on a mine and failed!
?[1;31m
Start test 20?[0m
How many mines do you want on the field? 
> 1
 |123456789|
—|—————————|
1|.........|
2|.........|
3|.........|
4|.........|
5|.........|
6|.........|
7|111......|
8|1.1......|
9|111......|
-|—————————|
Set/unset mines marks or claim a cell as free: 
> 8 3 free
 |123456789|
—|—————————|
1|/////////|
2|/////////|
3|/////////|
4|/////////|
5|/////////|
6|/////////|
7|111//////|
8|1.1//////|
9|111//////|
-|—————————|
Set/unset mines marks or claim a cell as free: 
> 2 8 mine
Congratulations! You found all the mines!
?[1;31m
Start test 21?[0m
How many mines do you want on the field? 
> 2
 |123456789|
—|—————————|
1|.........|
2|.........|
3|.........|
4|.......11|
5|.......1.|
6|11.....11|
7|.1.......|
8|11.......|
9|.........|
-|—————————|
Set/unset mines marks or claim a cell as free: 
> 4 3 free
 |123456789|
—|—————————|
1|/////////|
2|/////////|
3|/////////|
4|///////11|
5|///////1.|
6|11/////11|
7|.1///////|
8|11///////|
9|/////////|
-|—————————|
Set/unset mines marks or claim a cell as free: 
> 9 5 free
 |123456789|
—|—————————|
1|/////////|
2|/////////|
3|/////////|
4|///////11|
5|///////1X|
6|11/////11|
7|.1///////|
8|11///////|
9|/////////|
-|—————————|
You stepped on a mine and failed!
?[1;31m
Start test 22?[0m
How many mines do you want on the field? 
> 2
 |123456789|
—|—————————|
1|.....111.|
2|.....1.1.|
3|.....111.|
4|.........|
5|.........|
6|.111.....|
7|.1.1.....|
8|.111.....|
9|.........|
-|—————————|
Set/unset mines marks or claim a cell as free: 
> 7 4 free
 |123456789|
—|—————————|
1|/////111/|
2|/////1.1/|
3|/////111/|
4|/////////|
5|/////////|
6|/111/////|
7|/1.1/////|
8|/111/////|
9|/////////|
-|—————————|
Set/unset mines marks or claim a cell as free: 
> 3 7 mine
 |123456789|
—|—————————|
1|/////111/|
2|/////1.1/|
3|/////111/|
4|/////////|
5|/////////|
6|/111/////|
7|/1*1/////|
8|/111/////|
9|/////////|
-|—————————|
Set/unset mines marks or claim a cell as free: 
> 7 2 free
 |123456789|
—|—————————|
1|/////111/|
2|/////1X1/|
3|/////111/|
4|/////////|
5|/////////|
6|/111/////|
7|/1*1/////|
8|/111/////|
9|/////////|
-|—————————|
You stepped on a mine and failed!
?[1;31m
Start test 23?[0m
How many mines do you want on the field? 
> 2
 |123456789|
—|—————————|
1|..1.1....|
2|..111....|
3|.........|
4|.......11|
5|.......1.|
6|.......11|
7|.........|
8|.........|
9|.........|
-|—————————|
Set/unset mines marks or claim a cell as free: 
> 8 2 free
 |123456789|
—|—————————|
1|//1.1////|
2|//111////|
3|/////////|
4|///////11|
5|///////1.|
6|///////11|
7|/////////|
8|/////////|
9|/////////|
-|—————————|
Set/unset mines marks or claim a cell as free: 
> 4 1 mine
 |123456789|
—|—————————|
1|//1*1////|
2|//111////|
3|/////////|
4|///////11|
5|///////1.|
6|///////11|
7|/////////|
8|/////////|
9|/////////|
-|—————————|
Set/unset mines marks or claim a cell as free: 
> 9 5 mine
Congratulations! You found all the mines!
?[1;31m
Start test 24?[0m
How many mines do you want on the field? 
> 2
 |123456789|
—|—————————|
1|.........|
2|.........|
3|.........|
4|.........|
5|.........|
6|11.......|
7|.1111....|
8|111.1....|
9|..111....|
-|—————————|
Set/unset mines marks or claim a cell as free: 
> 6 1 free
 |123456789|
—|—————————|
1|/////////|
2|/////////|
3|/////////|
4|/////////|
5|/////////|
6|11///////|
7|.1111////|
8|111.1////|
9|..111////|
-|—————————|
Set/unset mines marks or claim a cell as free: 
> 4 8 mine
 |123456789|
—|—————————|
1|/////////|
2|/////////|
3|/////////|
4|/////////|
5|/////////|
6|11///////|
7|.1111////|
8|111*1////|
9|..111////|
-|—————————|
Set/unset mines marks or claim a cell as free: 
> 2 9 free
 |123456789|
—|—————————|
1|/////////|
2|/////////|
3|/////////|
4|/////////|
5|/////////|
6|11///////|
7|.1111////|
8|111*1////|
9|//111////|
-|—————————|
Set/unset mines marks or claim a cell as free: 
> 1 7 free
 |123456789|
—|—————————|
1|/////////|
2|/////////|
3|/////////|
4|/////////|
5|/////////|
6|11///////|
7|X1111////|
8|111*1////|
9|//111////|
-|—————————|
You stepped on a mine and failed!
?[1;31m
Start test 25?[0m
How many mines do you want on the field? 
> 2
 |123456789|
—|—————————|
1|......111|
2|......1.1|
3|......111|
4|.........|
5|.111.....|
6|.1.1.....|
7|.111.....|
8|.........|
9|.........|
-|—————————|
Set/unset mines marks or claim a cell as free: 
> 6 7 free
 |123456789|
—|—————————|
1|//////111|
2|//////1.1|
3|//////111|
4|/////////|
5|/111/////|
6|/1.1/////|
7|/111/////|
8|/////////|
9|/////////|
-|—————————|
Set/unset mines marks or claim a cell as free: 
> 8 2 mine
 |123456789|
—|—————————|
1|//////111|
2|//////1*1|
3|//////111|
4|/////////|
5|/111/////|
6|/1.1/////|
7|/111/////|
8|/////////|
9|/////////|
-|—————————|
Set/unset mines marks or claim a cell as free: 
> 3 6 mine
Congratulations! You found all the mines!
?[1;31m
Start test 26?[0m
How many mines do you want on the field? 
> 2
 |123456789|
—|—————————|
1|.........|
2|.........|
3|.........|
4|.........|
5|1221.....|
6|1..1.....|
7|1221.....|
8|.........|
9|.........|
-|—————————|
Set/unset mines marks or claim a cell as free: 
> 1 1 free
 |123456789|
—|—————————|
1|/////////|
2|/////////|
3|/////////|
4|/////////|
5|1221/////|
6|1..1/////|
7|1221/////|
8|/////////|
9|/////////|
-|—————————|
Set/unset mines marks or claim a cell as free: 
> 3 6 mine
 |123456789|
—|—————————|
1|/////////|
2|/////////|
3|/////////|
4|/////////|
5|1221/////|
6|1.*1/////|
7|1221/////|
8|/////////|
9|/////////|
-|—————————|
Set/unset mines marks or claim a cell as free: 
> 2 6 free
 |123456789|
—|—————————|
1|/////////|
2|/////////|
3|/////////|
4|/////////|
5|1221/////|
6|1X*1/////|
7|1221/////|
8|/////////|
9|/////////|
-|—————————|
You stepped on a mine and failed!
?[1;31m
Start test 27?[0m
How many mines do you want on the field? 
> 2
 |123456789|
—|—————————|
1|.........|
2|.........|
3|.........|
4|.........|
5|.........|
6|.........|
7|...111...|
8|...1.211.|
9|...112.1.|
-|—————————|
Set/unset mines marks or claim a cell as free: 
> 7 5 free
 |123456789|
—|—————————|
1|/////////|
2|/////////|
3|/////////|
4|/////////|
5|/////////|
6|/////////|
7|///111///|
8|///1.211/|
9|///112.1/|
-|—————————|
Set/unset mines marks or claim a cell as free: 
> 7 9 free
 |123456789|
—|—————————|
1|/////////|
2|/////////|
3|/////////|
4|/////////|
5|/////////|
6|/////////|
7|///111///|
8|///1.211/|
9|///112X1/|
-|—————————|
You stepped on a mine and failed!
?[1;31m
Start test 28?[0m
How many mines do you want on the field? 
> 2
 |123456789|
—|—————————|
1|.........|
2|.........|
3|.........|
4|....111..|
5|...12.1..|
6|...1.21..|
7|...111...|
8|.........|
9|.........|
-|—————————|
Set/unset mines marks or claim a cell as free: 
> 6 9 free
 |123456789|
—|—————————|
1|/////////|
2|/////////|
3|/////////|
4|////111//|
5|///12.1//|
6|///1.21//|
7|///111///|
8|/////////|
9|/////////|
-|—————————|
Set/unset mines marks or claim a cell as free: 
> 6 5 free
 |123456789|
—|—————————|
1|/////////|
2|/////////|
3|/////////|
4|////111//|
5|///12X1//|
6|///1.21//|
7|///111///|
8|/////////|
9|/////////|
-|—————————|
You stepped on a mine and failed!
?[1;31m
Start test 29?[0m
How many mines do you want on the field? 
> 2
 |123456789|
—|—————————|
1|.........|
2|.........|
3|....111..|
4|....1.1..|
5|....111..|
6|.........|
7|.......11|
8|.......1.|
9|.......11|
-|—————————|
Set/unset mines marks or claim a cell as free: 
> 1 4 free
 |123456789|
—|—————————|
1|/////////|
2|/////////|
3|////111//|
4|////1.1//|
5|////111//|
6|/////////|
7|///////11|
8|///////1.|
9|///////11|
-|—————————|
Set/unset mines marks or claim a cell as free: 
> 9 8 mine
 |123456789|
—|—————————|
1|/////////|
2|/////////|
3|////111//|
4|////1.1//|
5|////111//|
6|/////////|
7|///////11|
8|///////1*|
9|///////11|
-|—————————|
Set/unset mines marks or claim a cell as free: 
> 6 4 free
 |123456789|
—|—————————|
1|/////////|
2|/////////|
3|////111//|
4|////1X1//|
5|////111//|
6|/////////|
7|///////11|
8|///////1*|
9|///////11|
-|—————————|
You stepped on a mine and failed!
?[1;31m
Start test 30?[0m
How many mines do you want on the field? 
> 2
 |123456789|
—|—————————|
1|1.1....11|
2|111....1.|
3|.......11|
4|.........|
5|.........|
6|.........|
7|.........|
8|.........|
9|.........|
-|—————————|
Set/unset mines marks or claim a cell as free: 
> 7 2 free
 |123456789|
—|—————————|
1|1.1////11|
2|111////1.|
3|///////11|
4|/////////|
5|/////////|
6|/////////|
7|/////////|
8|/////////|
9|/////////|
-|—————————|
Set/unset mines marks or claim a cell as free: 
> 2 1 free
 |123456789|
—|—————————|
1|1X1////11|
2|111////1.|
3|///////11|
4|/////////|
5|/////////|
6|/////////|
7|/////////|
8|/////////|
9|/////////|
-|—————————|
You stepped on a mine and failed!
?[1;31m
Start test 31?[0m
How many mines do you want on the field? 
> 2
 |123456789|
—|—————————|
1|.........|
2|.........|
3|.........|
4|.........|
5|....11111|
6|....1.11.|
7|....11111|
8|.........|
9|.........|
-|—————————|
Set/unset mines marks or claim a cell as free: 
> 3 6 free
 |123456789|
—|—————————|
1|/////////|
2|/////////|
3|/////////|
4|/////////|
5|////11111|
6|////1.11.|
7|////11111|
8|/////////|
9|/////////|
-|—————————|
Set/unset mines marks or claim a cell as free: 
> 9 6 free
 |123456789|
—|—————————|
1|/////////|
2|/////////|
3|/////////|
4|/////////|
5|////11111|
6|////1.11X|
7|////11111|
8|/////////|
9|/////////|
-|—————————|
You stepped on a mine and failed!
?[1;31m
Start test 32?[0m
How many mines do you want on the field? 
> 2
 |123456789|
—|—————————|
1|.........|
2|....111..|
3|....1.1..|
4|....111..|
5|.........|
6|.........|
7|....111..|
8|....1.1..|
9|....111..|
-|—————————|
Set/unset mines marks or claim a cell as free: 
> 4 9 free
 |123456789|
—|—————————|
1|/////////|
2|////111//|
3|////1.1//|
4|////111//|
5|/////////|
6|/////////|
7|////111//|
8|////1.1//|
9|////111//|
-|—————————|
Set/unset mines marks or claim a cell as free: 
> 6 8 free
 |123456789|
—|—————————|
1|/////////|
2|////111//|
3|////1.1//|
4|////111//|
5|/////////|
6|/////////|
7|////111//|
8|////1X1//|
9|////111//|
-|—————————|
You stepped on a mine and failed!
?[1;31m
Start test 33?[0m
How many mines do you want on the field? 
> 2
 |123456789|
—|—————————|
1|.........|
2|....111..|
3|....1.1..|
4|11..111..|
5|.1.......|
6|11.......|
7|.........|
8|.........|
9|.........|
-|—————————|
Set/unset mines marks or claim a cell as free: 
> 4 5 mine
 |123456789|
—|—————————|
1|.........|
2|....111..|
3|....1.1..|
4|11..111..|
5|.1.*.....|
6|11.......|
7|.........|
8|.........|
9|.........|
-|—————————|
Set/unset mines marks or claim a cell as free: 
> 8 6 free
 |123456789|
—|—————————|
1|/////////|
2|////111//|
3|////1.1//|
4|11//111//|
5|.1///////|
6|11///////|
7|/////////|
8|/////////|
9|/////////|
-|—————————|
Set/unset mines marks or claim a cell as free: 
> 6 3 free
 |123456789|
—|—————————|
1|/////////|
2|////111//|
3|////1X1//|
4|11//111//|
5|.1///////|
6|11///////|
7|/////////|
8|/////////|
9|/////////|
-|—————————|
You stepped on a mine and failed!
?[1;31m
Start test 34?[0m
How many mines do you want on the field? 
> 2
 |123456789|
—|—————————|
1|111......|
2|1.1......|
3|111......|
4|.........|
5|11.......|
6|.1.......|
7|11.......|
8|.........|
9|.........|
-|—————————|
Set/unset mines marks or claim a cell as free: 
> 6 2 mine
 |123456789|
—|—————————|
1|111......|
2|1.1..*...|
3|111......|
4|.........|
5|11.......|
6|.1.......|
7|11.......|
8|.........|
9|.........|
-|—————————|
Set/unset mines marks or claim a cell as free: 
> 2 8 free
 |123456789|
—|—————————|
1|111//////|
2|1.1//////|
3|111//////|
4|/////////|
5|11///////|
6|.1///////|
7|11///////|
8|/////////|
9|/////////|
-|—————————|
Set/unset mines marks or claim a cell as free: 
> 1 6 free
 |123456789|
—|—————————|
1|111//////|
2|1.1//////|
3|111//////|
4|/////////|
5|11///////|
6|X1///////|
7|11///////|
8|/////////|
9|/////////|
-|—————————|
You stepped on a mine and failed!
?[1;31m
Start test 35?[0m
How many mines do you want on the field? 
> 2
 |123456789|
—|—————————|
1|.......11|
2|...111.1.|
3|...1.1.11|
4|...111...|
5|.........|
6|.........|
7|.........|
8|.........|
9|.........|
-|—————————|
Set/unset mines marks or claim a cell as free: 
> 4 5 mine
 |123456789|
—|—————————|
1|.......11|
2|...111.1.|
3|...1.1.11|
4|...111...|
5|...*.....|
6|.........|
7|.........|
8|.........|
9|.........|
-|—————————|
Set/unset mines marks or claim a cell as free: 
> 7 2 mine
 |123456789|
—|—————————|
1|.......11|
2|...111*1.|
3|...1.1.11|
4|...111...|
5|...*.....|
6|.........|
7|.........|
8|.........|
9|.........|
-|—————————|
Set/unset mines marks or claim a cell as free: 
> 1 4 free
 |123456789|
—|—————————|
1|///////11|
2|///111/1.|
3|///1.1/11|
4|///111///|
5|/////////|
6|/////////|
7|/////////|
8|/////////|
9|/////////|
-|—————————|
Set/unset mines marks or claim a cell as free: 
> 9 2 free
 |123456789|
—|—————————|
1|///////11|
2|///111/1X|
3|///1.1/11|
4|///111///|
5|/////////|
6|/////////|
7|/////////|
8|/////////|
9|/////////|
-|—————————|
You stepped on a mine and failed!
?[1;31m
Start test 36?[0m
How many mines do you want on the field? 
> 2
 |123456789|
—|—————————|
1|.1.......|
2|11.......|
3|.........|
4|.........|
5|.........|
6|.........|
7|...111...|
8|...1.1...|
9|...111...|
-|—————————|
Set/unset mines marks or claim a cell as free: 
> 5 4 free
 |123456789|
—|—————————|
1|.1///////|
2|11///////|
3|/////////|
4|/////////|
5|/////////|
6|/////////|
7|///111///|
8|///1.1///|
9|///111///|
-|—————————|
Set/unset mines marks or claim a cell as free: 
> 5 8 free
 |123456789|
—|—————————|
1|.1///////|
2|11///////|
3|/////////|
4|/////////|
5|/////////|
6|/////////|
7|///111///|
8|///1X1///|
9|///111///|
-|—————————|
You stepped on a mine and failed!
?[1;31m
Start test 37?[0m
How many mines do you want on the field? 
> 2
 |123456789|
—|—————————|
1|....1.1..|
2|....111..|
3|.........|
4|.......11|
5|.......1.|
6|.......11|
7|.........|
8|.........|
9|.........|
-|—————————|
Set/unset mines marks or claim a cell as free: 
> 4 4 free
 |123456789|
—|—————————|
1|////1.1//|
2|////111//|
3|/////////|
4|///////11|
5|///////1.|
6|///////11|
7|/////////|
8|/////////|
9|/////////|
-|—————————|
Set/unset mines marks or claim a cell as free: 
> 9 5 free
 |123456789|
—|—————————|
1|////1.1//|
2|////111//|
3|/////////|
4|///////11|
5|///////1X|
6|///////11|
7|/////////|
8|/////////|
9|/////////|
-|—————————|
You stepped on a mine and failed!
?[1;31m
Start test 38?[0m
How many mines do you want on the field? 
> 2
 |123456789|
—|—————————|
1|.........|
2|.........|
3|.........|
4|...111...|
5|...1.1...|
6|...111...|
7|.........|
8|.....111.|
9|.....1.1.|
-|—————————|
Set/unset mines marks or claim a cell as free: 
> 4 2 free
 |123456789|
—|—————————|
1|/////////|
2|/////////|
3|/////////|
4|///111///|
5|///1.1///|
6|///111///|
7|/////////|
8|/////111/|
9|/////1.1/|
-|—————————|
Set/unset mines marks or claim a cell as free: 
> 5 5 free
 |123456789|
—|—————————|
1|/////////|
2|/////////|
3|/////////|
4|///111///|
5|///1X1///|
6|///111///|
7|/////////|
8|/////111/|
9|/////1.1/|
-|—————————|
You stepped on a mine and failed!
?[1;31m
Start test 39?[0m
How many mines do you want on the field? 
> 2
 |123456789|
—|—————————|
1|.........|
2|111......|
3|1.1......|
4|111......|
5|.........|
6|.........|
7|.........|
8|111......|
9|1.1......|
-|—————————|
Set/unset mines marks or claim a cell as free: 
> 6 8 free
 |123456789|
—|—————————|
1|/////////|
2|111//////|
3|1.1//////|
4|111//////|
5|/////////|
6|/////////|
7|/////////|
8|111//////|
9|1.1//////|
-|—————————|
Set/unset mines marks or claim a cell as free: 
> 2 3 free
 |123456789|
—|—————————|
1|/////////|
2|111//////|
3|1X1//////|
4|111//////|
5|/////////|
6|/////////|
7|/////////|
8|111//////|
9|1.1//////|
-|—————————|
You stepped on a mine and failed!
?[1;31m
Start test 40?[0m
How many mines do you want on the field? 
> 2
 |123456789|
—|—————————|
1|.........|
2|.........|
3|111......|
4|1.1......|
5|111......|
6|.....111.|
7|.....1.1.|
8|.....111.|
9|.........|
-|—————————|
Set/unset mines marks or claim a cell as free: 
> 8 9 mine
 |123456789|
—|—————————|
1|.........|
2|.........|
3|111......|
4|1.1......|
5|111......|
6|.....111.|
7|.....1.1.|
8|.....111.|
9|.......*.|
-|—————————|
Set/unset mines marks or claim a cell as free: 
> 8 9 mine
 |123456789|
—|—————————|
1|.........|
2|.........|
3|111......|
4|1.1......|
5|111......|
6|.....111.|
7|.....1.1.|
8|.....111.|
9|.........|
-|—————————|
Set/unset mines marks or claim a cell as free: 
> 3 8 mine
 |123456789|
—|—————————|
1|.........|
2|.........|
3|111......|
4|1.1......|
5|111......|
6|.....111.|
7|.....1.1.|
8|..*..111.|
9|.........|
-|—————————|
Set/unset mines marks or claim a cell as free: 
> 2 6 free
 |123456789|
—|—————————|
1|/////////|
2|/////////|
3|111//////|
4|1.1//////|
5|111//////|
6|/////111/|
7|/////1.1/|
8|/////111/|
9|/////////|
-|—————————|
Set/unset mines marks or claim a cell as free: 
> 2 4 free
 |123456789|
—|—————————|
1|/////////|
2|/////////|
3|111//////|
4|1X1//////|
5|111//////|
6|/////111/|
7|/////1.1/|
8|/////111/|
9|/////////|
-|—————————|
You stepped on a mine and failed!
?[1;31m
Start test 41?[0m
How many mines do you want on the field? 
> 3
 |123456789|
—|—————————|
1|1.1......|
2|111......|
3|.........|
4|.........|
5|.........|
6|....111..|
7|....1.1..|
8|....11211|
9|......1.1|
-|—————————|
Set/unset mines marks or claim a cell as free: 
> 2 9 free
 |123456789|
—|—————————|
1|1.1//////|
2|111//////|
3|/////////|
4|/////////|
5|/////////|
6|////111//|
7|////1.1//|
8|////11211|
9|//////1.1|
-|—————————|
Set/unset mines marks or claim a cell as free: 
> 6 7 free
 |123456789|
—|—————————|
1|1.1//////|
2|111//////|
3|/////////|
4|/////////|
5|/////////|
6|////111//|
7|////1X1//|
8|////11211|
9|//////1.1|
-|—————————|
You stepped on a mine and failed!
?[1;31m
Start test 42?[0m
How many mines do you want on the field? 
> 3
 |123456789|
—|—————————|
1|...111...|
2|..12.1...|
3|..1.21...|
4|..111....|
5|...111...|
6|...1.1...|
7|...111...|
8|.........|
9|.........|
-|—————————|
Set/unset mines marks or claim a cell as free: 
> 5 2 mine
 |123456789|
—|—————————|
1|...111...|
2|..12*1...|
3|..1.21...|
4|..111....|
5|...111...|
6|...1.1...|
7|...111...|
8|.........|
9|.........|
-|—————————|
Set/unset mines marks or claim a cell as free: 
> 5 2 mine
 |123456789|
—|—————————|
1|...111...|
2|..12.1...|
3|..1.21...|
4|..111....|
5|...111...|
6|...1.1...|
7|...111...|
8|.........|
9|.........|
-|—————————|
Set/unset mines marks or claim a cell as free: 
> 9 5 free
 |123456789|
—|—————————|
1|///111///|
2|//12.1///|
3|//1.21///|
4|//111////|
5|///111///|
6|///1.1///|
7|///111///|
8|/////////|
9|/////////|
-|—————————|
Set/unset mines marks or claim a cell as free: 
> 5 6 free
 |123456789|
—|—————————|
1|///111///|
2|//12.1///|
3|//1.21///|
4|//111////|
5|///111///|
6|///1X1///|
7|///111///|
8|/////////|
9|/////////|
-|—————————|
You stepped on a mine and failed!
?[1;31m
Start test 43?[0m
How many mines do you want on the field? 
> 3
 |123456789|
—|—————————|
1|.........|
2|.........|
3|..111111.|
4|..1.11.1.|
5|..1111221|
6|......1.1|
7|......111|
8|.........|
9|.........|
-|—————————|
Set/unset mines marks or claim a cell as free: 
> 1 6 free
 |123456789|
—|—————————|
1|/////////|
2|/////////|
3|//111111/|
4|//1.11.1/|
5|//1111221|
6|//////1.1|
7|//////111|
8|/////////|
9|/////////|
-|—————————|
Set/unset mines marks or claim a cell as free: 
> 7 4 free
 |123456789|
—|—————————|
1|/////////|
2|/////////|
3|//111111/|
4|//1.11X1/|
5|//1111221|
6|//////1.1|
7|//////111|
8|/////////|
9|/////////|
-|—————————|
You stepped on a mine and failed!
?[1;31m
Start test 44?[0m
How many mines do you want on the field? 
> 3
 |123456789|
—|—————————|
1|.........|
2|.........|
3|.........|
4|.........|
5|.........|
6|.........|
7|.111...11|
8|.1.1...1.|
9|.111...11|
-|—————————|
Set/unset mines marks or claim a cell as free: 
> 6 7 free
 |123456789|
—|—————————|
1|/////////|
2|/////////|
3|/////////|
4|/////////|
5|/////////|
6|/////////|
7|/111///11|
8|/1.1///1.|
9|/111///11|
-|—————————|
Set/unset mines marks or claim a cell as free: 
> 9 8 free
 |123456789|
—|—————————|
1|/////////|
2|/////////|
3|/////////|
4|/////////|
5|/////////|
6|/////////|
7|/111///11|
8|/1.1///1X|
9|/111///11|
-|—————————|
You stepped on a mine and failed!
?[1;31m
Start test 45?[0m
How many mines do you want on the field? 
> 3
 |123456789|
—|—————————|
1|.1.1.....|
2|.111.....|
3|..111....|
4|..1.1....|
5|..111....|
6|11.......|
7|.1.......|
8|11.......|
9|.........|
-|—————————|
Set/unset mines marks or claim a cell as free: 
> 2 4 free
 |123456789|
—|—————————|
1|/1.1/////|
2|/111/////|
3|//111////|
4|//1.1////|
5|//111////|
6|11///////|
7|.1///////|
8|11///////|
9|/////////|
-|—————————|
Set/unset mines marks or claim a cell as free: 
> 4 4 mine
 |123456789|
—|—————————|
1|/1.1/////|
2|/111/////|
3|//111////|
4|//1*1////|
5|//111////|
6|11///////|
7|.1///////|
8|11///////|
9|/////////|
-|—————————|
Set/unset mines marks or claim a cell as free: 
> 4 4 mine
 |123456789|
—|—————————|
1|/1.1/////|
2|/111/////|
3|//111////|
4|//1.1////|
5|//111////|
6|11///////|
7|.1///////|
8|11///////|
9|/////////|
-|—————————|
Set/unset mines marks or claim a cell as free: 
> 4 4 free
 |123456789|
—|—————————|
1|/1.1/////|
2|/111/////|
3|//111////|
4|//1.1////|
5|//111////|
6|11///////|
7|.1///////|
8|11///////|
9|/////////|
-|—————————|
You stepped on a mine and failed!
?[1;31m
Start test 46?[0m
How many mines do you want on the field? 
> 3
 |123456789|
—|—————————|
1|....111..|
2|....1.1..|
3|....111..|
4|.........|
5|...111...|
6|...1.21..|
7|...12.1..|
8|....111..|
9|.........|
-|—————————|
Set/unset mines marks or claim a cell as free: 
> 3 5 mine
 |123456789|
—|—————————|
1|....111..|
2|....1.1..|
3|....111..|
4|.........|
5|..*111...|
6|...1.21..|
7|...12.1..|
8|....111..|
9|.........|
-|—————————|
Set/unset mines marks or claim a cell as free: 
> 6 7 free
 |123456789|
—|—————————|
1|....111..|
2|....1.1..|
3|....111..|
4|.........|
5|..*111...|
6|...1.21..|
7|...12X1..|
8|....111..|
9|.........|
-|—————————|
You stepped on a mine and failed!
?[1;31m
Start test 47?[0m
How many mines do you want on the field? 
> 3
 |123456789|
—|—————————|
1|.........|
2|11.......|
3|.1.......|
4|221......|
5|1.1......|
6|111......|
7|.........|
8|111......|
9|1.1......|
-|—————————|
Set/unset mines marks or claim a cell as free: 
> 3 1 mine
 |123456789|
—|—————————|
1|..*......|
2|11.......|
3|.1.......|
4|221......|
5|1.1......|
6|111......|
7|.........|
8|111......|
9|1.1......|
-|—————————|
Set/unset mines marks or claim a cell as free: 
> 3 2 free
 |123456789|
—|—————————|
1|/////////|
2|11///////|
3|.1///////|
4|221//////|
5|1.1//////|
6|111//////|
7|/////////|
8|111//////|
9|1.1//////|
-|—————————|
Set/unset mines marks or claim a cell as free: 
> 2 5 free
 |123456789|
—|—————————|
1|/////////|
2|11///////|
3|.1///////|
4|221//////|
5|1X1//////|
6|111//////|
7|/////////|
8|111//////|
9|1.1//////|
-|—————————|
You stepped on a mine and failed!
?[1;31m
Start test 48?[0m
How many mines do you want on the field? 
> 3
 |123456789|
—|—————————|
1|.........|
2|......111|
3|......1.1|
4|......111|
5|.....111.|
6|.....1.1.|
7|.....111.|
8|.....111.|
9|.....1.1.|
-|—————————|
Set/unset mines marks or claim a cell as free: 
> 9 8 free
 |123456789|
—|—————————|
1|.........|
2|......111|
3|......1.1|
4|......111|
5|.....111/|
6|.....1.1/|
7|.....111/|
8|.....111/|
9|.....1.1/|
-|—————————|
Set/unset mines marks or claim a cell as free: 
> 8 3 free
 |123456789|
—|—————————|
1|.........|
2|......111|
3|......1X1|
4|......111|
5|.....111/|
6|.....1.1/|
7|.....111/|
8|.....111/|
9|.....1.1/|
-|—————————|
You stepped on a mine and failed!
?[1;31m
Start test 49?[0m
How many mines do you want on the field? 
> 3
 |123456789|
—|—————————|
1|.........|
2|.........|
3|.........|
4|.........|
5|.........|
6|..111.111|
7|..1.1.1.1|
8|..1121211|
9|....1.1..|
-|—————————|
Set/unset mines marks or claim a cell as free: 
> 4 2 free
 |123456789|
—|—————————|
1|/////////|
2|/////////|
3|/////////|
4|/////////|
5|/////////|
6|//111/111|
7|//1.1/1.1|
8|//1121211|
9|////1.1..|
-|—————————|
Set/unset mines marks or claim a cell as free: 
> 4 7 free
 |123456789|
—|—————————|
1|/////////|
2|/////////|
3|/////////|
4|/////////|
5|/////////|
6|//111/111|
7|//1X1/1.1|
8|//1121211|
9|////1.1..|
-|—————————|
You stepped on a mine and failed!
?[1;31m
Start test 50?[0m
How many mines do you want on the field? 
> 3
 |123456789|
—|—————————|
1|.........|
2|.....111.|
3|.....1.1.|
4|....1221.|
5|.1111.1..|
6|.1.1111..|
7|.111.....|
8|.........|
9|.........|
-|—————————|
Set/unset mines marks or claim a cell as free: 
> 1 2 free
 |123456789|
—|—————————|
1|/////////|
2|/////111/|
3|/////1.1/|
4|////1221/|
5|/1111.1//|
6|/1.1111//|
7|/111/////|
8|/////////|
9|/////////|
-|—————————|
Set/unset mines marks or claim a cell as free: 
> 6 5 free
 |123456789|
—|—————————|
1|/////////|
2|/////111/|
3|/////1.1/|
4|////1221/|
5|/1111X1//|
6|/1.1111//|
7|/111/////|
8|/////////|
9|/////////|
-|—————————|
You stepped on a mine and failed!
?[1;31m
Start test 51?[0m
How many mines do you want on the field? 
> 3
 |123456789|
—|—————————|
1|.12.1....|
2|.1.21....|
3|.1221....|
4|..1.1....|
5|..111....|
6|.........|
7|.........|
8|.........|
9|.........|
-|—————————|
Set/unset mines marks or claim a cell as free: 
> 7 6 free
 |123456789|
—|—————————|
1|/12.1////|
2|/1.21////|
3|/1221////|
4|//1.1////|
5|//111////|
6|/////////|
7|/////////|
8|/////////|
9|/////////|
-|—————————|
Set/unset mines marks or claim a cell as free: 
> 4 1 mine
 |123456789|
—|—————————|
1|/12*1////|
2|/1.21////|
3|/1221////|
4|//1.1////|
5|//111////|
6|/////////|
7|/////////|
8|/////////|
9|/////////|
-|—————————|
Set/unset mines marks or claim a cell as free: 
> 3 2 mine
 |123456789|
—|—————————|
1|/12*1////|
2|/1*21////|
3|/1221////|
4|//1.1////|
5|//111////|
6|/////////|
7|/////////|
8|/////////|
9|/////////|
-|—————————|
Set/unset mines marks or claim a cell as free: 
> 4 4 free
 |123456789|
—|—————————|
1|/12*1////|
2|/1*21////|
3|/1221////|
4|//1X1////|
5|//111////|
6|/////////|
7|/////////|
8|/////////|
9|/////////|
-|—————————|
You stepped on a mine and failed!
?[1;31m
Start test 52?[0m
How many mines do you want on the field? 
> 3
 |123456789|
—|—————————|
1|11.......|
2|.1.111...|
3|11.1.1...|
4|...111...|
5|...111...|
6|...1.1...|
7|...111...|
8|.........|
9|.........|
-|—————————|
Set/unset mines marks or claim a cell as free: 
> 2 8 free
 |123456789|
—|—————————|
1|11///////|
2|.1/111///|
3|11/1.1///|
4|///111///|
5|///111///|
6|///1.1///|
7|///111///|
8|/////////|
9|/////////|
-|—————————|
Set/unset mines marks or claim a cell as free: 
> 5 3 free
 |123456789|
—|—————————|
1|11///////|
2|.1/111///|
3|11/1X1///|
4|///111///|
5|///111///|
6|///1.1///|
7|///111///|
8|/////////|
9|/////////|
-|—————————|
You stepped on a mine and failed!
?[1;31m
Start test 53?[0m
How many mines do you want on the field? 
> 3
 |123456789|
—|—————————|
1|.1.......|
2|22.......|
3|.1.......|
4|11.......|
5|.........|
6|.........|
7|.........|
8|...111...|
9|...1.1...|
-|—————————|
Set/unset mines marks or claim a cell as free: 
> 6 2 free
 |123456789|
—|—————————|
1|.1///////|
2|22///////|
3|.1///////|
4|11///////|
5|/////////|
6|/////////|
7|/////////|
8|///111///|
9|///1.1///|
-|—————————|
Set/unset mines marks or claim a cell as free: 
> 1 1 free
 |123456789|
—|—————————|
1|X1///////|
2|22///////|
3|.1///////|
4|11///////|
5|/////////|
6|/////////|
7|/////////|
8|///111///|
9|///1.1///|
-|—————————|
You stepped on a mine and failed!
?[1;31m
Start test 54?[0m
How many mines do you want on the field? 
> 3
 |123456789|
—|—————————|
1|......1.1|
2|......111|
3|.........|
4|.........|
5|.........|
6|111......|
7|1.1......|
8|1221.....|
9|.1.1.....|
-|—————————|
Set/unset mines marks or claim a cell as free: 
> 8 1 free
 |123456789|
—|—————————|
1|......1X1|
2|......111|
3|.........|
4|.........|
5|.........|
6|111......|
7|1.1......|
8|1221.....|
9|.1.1.....|
-|—————————|
You stepped on a mine and failed!
?[1;31m
Start test 55?[0m
How many mines do you want on the field? 
> 3
 |123456789|
—|—————————|
1|.........|
2|.........|
3|.........|
4|.......11|
5|.111...1.|
6|.1.1.1121|
7|.111.1.1.|
8|.....111.|
9|.........|
-|—————————|
Set/unset mines marks or claim a cell as free: 
> 6 3 free
 |123456789|
—|—————————|
1|/////////|
2|/////////|
3|/////////|
4|///////11|
5|/111///1.|
6|/1.1/1121|
7|/111/1.1/|
8|/////111/|
9|/////////|
-|—————————|
Set/unset mines marks or claim a cell as free: 
> 9 5 mine
 |123456789|
—|—————————|
1|/////////|
2|/////////|
3|/////////|
4|///////11|
5|/111///1*|
6|/1.1/1121|
7|/111/1.1/|
8|/////111/|
9|/////////|
-|—————————|
Set/unset mines marks or claim a cell as free: 
> 3 6 free
 |123456789|
—|—————————|
1|/////////|
2|/////////|
3|/////////|
4|///////11|
5|/111///1*|
6|/1X1/1121|
7|/111/1.1/|
8|/////111/|
9|/////////|
-|—————————|
You stepped on a mine and failed!
?[1;31m
Start test 56?[0m
How many mines do you want on the field? 
> 3
 |123456789|
—|—————————|
1|.........|
2|......111|
3|111...1.1|
4|1.1...111|
5|111......|
6|.........|
7|......111|
8|......1.1|
9|......111|
-|—————————|
Set/unset mines marks or claim a cell as free: 
> 5 2 free
 |123456789|
—|—————————|
1|/////////|
2|//////111|
3|111///1.1|
4|1.1///111|
5|111//////|
6|/////////|
7|//////111|
8|//////1.1|
9|//////111|
-|—————————|
Set/unset mines marks or claim a cell as free: 
> 2 4 free
 |123456789|
—|—————————|
1|/////////|
2|//////111|
3|111///1.1|
4|1X1///111|
5|111//////|
6|/////////|
7|//////111|
8|//////1.1|
9|//////111|
-|—————————|
You stepped on a mine and failed!
?[1;31m
Start test 57?[0m
How many mines do you want on the field? 
> 3
 |123456789|
—|—————————|
1|.........|
2|111......|
3|2.1......|
4|.21......|
5|11.......|
6|.........|
7|.........|
8|......111|
9|......1.1|
-|—————————|
Set/unset mines marks or claim a cell as free: 
> 7 4 free
 |123456789|
—|—————————|
1|/////////|
2|111//////|
3|2.1//////|
4|.21//////|
5|11///////|
6|/////////|
7|/////////|
8|//////111|
9|//////1.1|
-|—————————|
Set/unset mines marks or claim a cell as free: 
> 8 9 free
 |123456789|
—|—————————|
1|/////////|
2|111//////|
3|2.1//////|
4|.21//////|
5|11///////|
6|/////////|
7|/////////|
8|//////111|
9|//////1X1|
-|—————————|
You stepped on a mine and failed!
?[1;31m
Start test 58?[0m
How many mines do you want on the field? 
> 3
 |123456789|
—|—————————|
1|.........|
2|.........|
3|.........|
4|.........|
5|.........|
6|....111..|
7|....2.2..|
8|111.2.2..|
9|1.1.111..|
-|—————————|
Set/unset mines marks or claim a cell as free: 
> 1 5 free
 |123456789|
—|—————————|
1|/////////|
2|/////////|
3|/////////|
4|/////////|
5|/////////|
6|////111//|
7|////2.2//|
8|111/2.2//|
9|1.1/111//|
-|—————————|
Set/unset mines marks or claim a cell as free: 
> 6 7 free
 |123456789|
—|—————————|
1|/////////|
2|/////////|
3|/////////|
4|/////////|
5|/////////|
6|////111//|
7|////2X2//|
8|111/2.2//|
9|1.1/111//|
-|—————————|
You stepped on a mine and failed!
?[1;31m
Start test 59?[0m
How many mines do you want on the field? 
> 3
 |123456789|
—|—————————|
1|......111|
2|......1.1|
3|......111|
4|...111...|
5|...1.1...|
6|.11211...|
7|.1.1.....|
8|.111.....|
9|.........|
-|—————————|
Set/unset mines marks or claim a cell as free: 
> 2 5 mine
 |123456789|
—|—————————|
1|......111|
2|......1.1|
3|......111|
4|...111...|
5|.*.1.1...|
6|.11211...|
7|.1.1.....|
8|.111.....|
9|.........|
-|—————————|
Set/unset mines marks or claim a cell as free: 
> 2 5 mine
 |123456789|
—|—————————|
1|......111|
2|......1.1|
3|......111|
4|...111...|
5|...1.1...|
6|.11211...|
7|.1.1.....|
8|.111.....|
9|.........|
-|—————————|
Set/unset mines marks or claim a cell as free: 
> 5 2 mine
 |123456789|
—|—————————|
1|......111|
2|....*.1.1|
3|......111|
4|...111...|
5|...1.1...|
6|.11211...|
7|.1.1.....|
8|.111.....|
9|.........|
-|—————————|
Set/unset mines marks or claim a cell as free: 
> 1 4 free
 |123456789|
—|—————————|
1|//////111|
2|//////1.1|
3|//////111|
4|///111///|
5|///1.1///|
6|/11211///|
7|/1.1/////|
8|/111/////|
9|/////////|
-|—————————|
Set/unset mines marks or claim a cell as free: 
> 3 7 mine
 |123456789|
—|—————————|
1|//////111|
2|//////1.1|
3|//////111|
4|///111///|
5|///1.1///|
6|/11211///|
7|/1*1/////|
8|/111/////|
9|/////////|
-|—————————|
Set/unset mines marks or claim a cell as free: 
> 5 5 free
 |123456789|
—|—————————|
1|//////111|
2|//////1.1|
3|//////111|
4|///111///|
5|///1X1///|
6|/11211///|
7|/1*1/////|
8|/111/////|
9|/////////|
-|—————————|
You stepped on a mine and failed!
?[1;31m
Start test 60?[0m
How many mines do you want on the field? 
> 3
 |123456789|
—|—————————|
1|111......|
2|1.1......|
3|111111...|
4|...1.1...|
5|...111...|
6|....111..|
7|....1.1..|
8|....111..|
9|.........|
-|—————————|
Set/unset mines marks or claim a cell as free: 
> 6 1 mine
 |123456789|
—|—————————|
1|111..*...|
2|1.1......|
3|111111...|
4|...1.1...|
5|...111...|
6|....111..|
7|....1.1..|
8|....111..|
9|.........|
-|—————————|
Set/unset mines marks or claim a cell as free: 
> 2 4 mine
 |123456789|
—|—————————|
1|111..*...|
2|1.1......|
3|111111...|
4|.*.1.1...|
5|...111...|
6|....111..|
7|....1.1..|
8|....111..|
9|.........|
-|—————————|
Set/unset mines marks or claim a cell as free: 
> 4 8 mine
 |123456789|
—|—————————|
1|111..*...|
2|1.1......|
3|111111...|
4|.*.1.1...|
5|...111...|
6|....111..|
7|....1.1..|
8|...*111..|
9|.........|
-|—————————|
Set/unset mines marks or claim a cell as free: 
> 8 3 free
 |123456789|
—|—————————|
1|111//////|
2|1.1//////|
3|111111///|
4|///1.1///|
5|///111///|
6|////111//|
7|////1.1//|
8|////111//|
9|/////////|
-|—————————|
Set/unset mines marks or claim a cell as free: 
> 2 2 free
 |123456789|
—|—————————|
1|111//////|
2|1X1//////|
3|111111///|
4|///1.1///|
5|///111///|
6|////111//|
7|////1.1//|
8|////111//|
9|/////////|
-|—————————|
You stepped on a mine and failed!
?[1;31m
Start test 61?[0m
How many mines do you want on the field? 
> 4
 |123456789|
—|—————————|
1|.111.....|
2|.1.1.....|
3|.111.....|
4|.........|
5|..111111.|
6|..1.11.21|
7|..111112.|
8|.......11|
9|.........|
-|—————————|
Set/unset mines marks or claim a cell as free: 
> 4 8 mine
 |123456789|
—|—————————|
1|.111.....|
2|.1.1.....|
3|.111.....|
4|.........|
5|..111111.|
6|..1.11.21|
7|..111112.|
8|...*...11|
9|.........|
-|—————————|
Set/unset mines marks or claim a cell as free: 
> 4 9 free
 |123456789|
—|—————————|
1|/111/////|
2|/1.1/////|
3|/111/////|
4|/////////|
5|//111111/|
6|//1.11.21|
7|//111112.|
8|///////11|
9|/////////|
-|—————————|
Set/unset mines marks or claim a cell as free: 
> 4 6 free
 |123456789|
—|—————————|
1|/111/////|
2|/1.1/////|
3|/111/////|
4|/////////|
5|//111111/|
6|//1X11.21|
7|//111112.|
8|///////11|
9|/////////|
-|—————————|
You stepped on a mine and failed!
?[1;31m
Start test 62?[0m
How many mines do you want on the field? 
> 4
 |123456789|
—|—————————|
1|..1.1....|
2|..111....|
3|.........|
4|.........|
5|....111..|
6|....1.1..|
7|....111..|
8|.....111.|
9|.....1.1.|
-|—————————|
Set/unset mines marks or claim a cell as free: 
> 1 4 free
 |123456789|
—|—————————|
1|//1.1////|
2|//111////|
3|/////////|
4|/////////|
5|////111//|
6|////1.1//|
7|////111//|
8|/////111/|
9|/////1.1/|
-|—————————|
Set/unset mines marks or claim a cell as free: 
> 7 9 free
 |123456789|
—|—————————|
1|//1.1////|
2|//111////|
3|/////////|
4|/////////|
5|////111//|
6|////1.1//|
7|////111//|
8|/////111/|
9|/////1X1/|
-|—————————|
You stepped on a mine and failed!
?[1;31m
Start test 63?[0m
How many mines do you want on the field? 
> 4
 |123456789|
—|—————————|
1|...1221..|
2|...1..211|
3|...1222.1|
4|......111|
5|.........|
6|.........|
7|...111...|
8|...1.1...|
9|...111...|
-|—————————|
Set/unset mines marks or claim a cell as free: 
> 2 4 mine
 |123456789|
—|—————————|
1|...1221..|
2|...1..211|
3|...1222.1|
4|.*....111|
5|.........|
6|.........|
7|...111...|
8|...1.1...|
9|...111...|
-|—————————|
Set/unset mines marks or claim a cell as free: 
> 3 1 mine
 |123456789|
—|—————————|
1|..*1221..|
2|...1..211|
3|...1222.1|
4|.*....111|
5|.........|
6|.........|
7|...111...|
8|...1.1...|
9|...111...|
-|—————————|
Set/unset mines marks or claim a cell as free: 
> 4 5 free
 |123456789|
—|—————————|
1|///1221..|
2|///1..211|
3|///1222.1|
4|//////111|
5|/////////|
6|/////////|
7|///111///|
8|///1.1///|
9|///111///|
-|—————————|
Set/unset mines marks or claim a cell as free: 
> 9 1 free
 |123456789|
—|—————————|
1|///1221//|
2|///1..211|
3|///1222.1|
4|//////111|
5|/////////|
6|/////////|
7|///111///|
8|///1.1///|
9|///111///|
-|—————————|
Set/unset mines marks or claim a cell as free: 
> 5 2 free
 |123456789|
—|—————————|
1|///1221//|
2|///1X.211|
3|///1222.1|
4|//////111|
5|/////////|
6|/////////|
7|///111///|
8|///1.1///|
9|///111///|
-|—————————|
You stepped on a mine and failed!
?[1;31m
Start test 64?[0m
How many mines do you want on the field? 
> 4
 |123456789|
—|—————————|
1|11.......|
2|.1.......|
3|1211.....|
4|.1.1.....|
5|.111...11|
6|.......1.|
7|.......22|
8|.......1.|
9|.......11|
-|—————————|
Set/unset mines marks or claim a cell as free: 
> 6 6 free
 |123456789|
—|—————————|
1|11///////|
2|.1///////|
3|1211/////|
4|/1.1/////|
5|/111///11|
6|///////1.|
7|///////22|
8|///////1.|
9|///////11|
-|—————————|
Set/unset mines marks or claim a cell as free: 
> 9 6 free
 |123456789|
—|—————————|
1|11///////|
2|.1///////|
3|1211/////|
4|/1.1/////|
5|/111///11|
6|///////1X|
7|///////22|
8|///////1.|
9|///////11|
-|—————————|
You stepped on a mine and failed!
?[1;31m
Start test 65?[0m
How many mines do you want on the field? 
> 4
 |123456789|
—|—————————|
1|....1.21.|
2|.11112.1.|
3|.1.1.111.|
4|.111.....|
5|.........|
6|.........|
7|...111...|
8|...1.1...|
9|...111...|
-|—————————|
Set/unset mines marks or claim a cell as free: 
> 7 8 mine
 |123456789|
—|—————————|
1|....1.21.|
2|.11112.1.|
3|.1.1.111.|
4|.111.....|
5|.........|
6|.........|
7|...111...|
8|...1.1*..|
9|...111...|
-|—————————|
Set/unset mines marks or claim a cell as free: 
> 9 4 mine
 |123456789|
—|—————————|
1|....1.21.|
2|.11112.1.|
3|.1.1.111.|
4|.111....*|
5|.........|
6|.........|
7|...111...|
8|...1.1*..|
9|...111...|
-|—————————|
Set/unset mines marks or claim a cell as free: 
> 1 1 free
 |123456789|
—|—————————|
1|////1.21/|
2|/11112.1/|
3|/1.1/111/|
4|/111/////|
5|/////////|
6|/////////|
7|///111///|
8|///1.1///|
9|///111///|
-|—————————|
Set/unset mines marks or claim a cell as free: 
> 3 3 free
 |123456789|
—|—————————|
1|////1.21/|
2|/11112.1/|
3|/1X1/111/|
4|/111/////|
5|/////////|
6|/////////|
7|///111///|
8|///1.1///|
9|///111///|
-|—————————|
You stepped on a mine and failed!
?[1;31m
Start test 66?[0m
How many mines do you want on the field? 
> 4
 |123456789|
—|—————————|
1|.........|
2|.........|
3|.........|
4|111......|
5|1.21.....|
6|12.21.111|
7|.12.1.1.1|
8|..111.111|
9|.........|
-|—————————|
Set/unset mines marks or claim a cell as free: 
> 4 1 free
 |123456789|
—|—————————|
1|/////////|
2|/////////|
3|/////////|
4|111//////|
5|1.21/////|
6|12.21/111|
7|/12.1/1.1|
8|//111/111|
9|/////////|
-|—————————|
Set/unset mines marks or claim a cell as free: 
> 8 7 free
 |123456789|
—|—————————|
1|/////////|
2|/////////|
3|/////////|
4|111//////|
5|1.21/////|
6|12.21/111|
7|/12.1/1X1|
8|//111/111|
9|/////////|
-|—————————|
You stepped on a mine and failed!
?[1;31m
Start test 67?[0m
How many mines do you want on the field? 
> 4
 |123456789|
—|—————————|
1|.........|
2|.........|
3|.........|
4|.111.....|
5|.1.1.....|
6|.111..111|
7|.111..1.1|
8|12.1..111|
9|1.21.....|
-|—————————|
Set/unset mines marks or claim a cell as free: 
> 8 9 free
 |123456789|
—|—————————|
1|/////////|
2|/////////|
3|/////////|
4|/111/////|
5|/1.1/////|
6|/111//111|
7|/111//1.1|
8|12.1//111|
9|1.21/////|
-|—————————|
Set/unset mines marks or claim a cell as free: 
> 8 7 mine
 |123456789|
—|—————————|
1|/////////|
2|/////////|
3|/////////|
4|/111/////|
5|/1.1/////|
6|/111//111|
7|/111//1*1|
8|12.1//111|
9|1.21/////|
-|—————————|
Set/unset mines marks or claim a cell as free: 
> 3 8 free
 |123456789|
—|—————————|
1|/////////|
2|/////////|
3|/////////|
4|/111/////|
5|/1.1/////|
6|/111//111|
7|/111//1*1|
8|12X1//111|
9|1.21/////|
-|—————————|
You stepped on a mine and failed!
?[1;31m
Start test 68?[0m
How many mines do you want on the field? 
> 4
 |123456789|
—|—————————|
1|.....1.1.|
2|.....111.|
3|..11211..|
4|..1.2.1..|
5|..11211..|
6|...111...|
7|...1.1...|
8|...111...|
9|.........|
-|—————————|
Set/unset mines marks or claim a cell as free: 
> 1 9 free
 |123456789|
—|—————————|
1|/////1.1/|
2|/////111/|
3|//11211//|
4|//1.2.1//|
5|//11211//|
6|///111///|
7|///1.1///|
8|///111///|
9|/////////|
-|—————————|
Set/unset mines marks or claim a cell as free: 
> 5 7 mine
 |123456789|
—|—————————|
1|/////1.1/|
2|/////111/|
3|//11211//|
4|//1.2.1//|
5|//11211//|
6|///111///|
7|///1*1///|
8|///111///|
9|/////////|
-|—————————|
Set/unset mines marks or claim a cell as free: 
> 4 4 free
 |123456789|
—|—————————|
1|/////1.1/|
2|/////111/|
3|//11211//|
4|//1X2.1//|
5|//11211//|
6|///111///|
7|///1*1///|
8|///111///|
9|/////////|
-|—————————|
You stepped on a mine and failed!
?[1;31m
Start test 69?[0m
How many mines do you want on the field? 
> 4
 |123456789|
—|—————————|
1|.1.......|
2|11.......|
3|...111...|
4|...1.1...|
5|...111...|
6|11.......|
7|.1.......|
8|22.......|
9|.1.......|
-|—————————|
Set/unset mines marks or claim a cell as free: 
> 7 7 mine
 |123456789|
—|—————————|
1|.1.......|
2|11.......|
3|...111...|
4|...1.1...|
5|...111...|
6|11.......|
7|.1....*..|
8|22.......|
9|.1.......|
-|—————————|
Set/unset mines marks or claim a cell as free: 
> 6 6 mine
 |123456789|
—|—————————|
1|.1.......|
2|11.......|
3|...111...|
4|...1.1...|
5|...111...|
6|11...*...|
7|.1....*..|
8|22.......|
9|.1.......|
-|—————————|
Set/unset mines marks or claim a cell as free: 
> 8 6 free
 |123456789|
—|—————————|
1|.1///////|
2|11///////|
3|///111///|
4|///1.1///|
5|///111///|
6|11///////|
7|.1///////|
8|22///////|
9|.1///////|
-|—————————|
Set/unset mines marks or claim a cell as free: 
> 1 9 free
 |123456789|
—|—————————|
1|.1///////|
2|11///////|
3|///111///|
4|///1.1///|
5|///111///|
6|11///////|
7|.1///////|
8|22///////|
9|X1///////|
-|—————————|
You stepped on a mine and failed!
?[1;31m
Start test 70?[0m
How many mines do you want on the field? 
> 4
 |123456789|
—|—————————|
1|.1.1.1121|
2|.111.1.3.|
3|.....12.2|
4|......111|
5|.........|
6|.........|
7|.........|
8|.........|
9|.........|
-|—————————|
Set/unset mines marks or claim a cell as free: 
> 6 4 mine
 |123456789|
—|—————————|
1|.1.1.1121|
2|.111.1.3.|
3|.....12.2|
4|.....*111|
5|.........|
6|.........|
7|.........|
8|.........|
9|.........|
-|—————————|
Set/unset mines marks or claim a cell as free: 
> 7 5 free
 |123456789|
—|—————————|
1|/1.1/1121|
2|/111/1.3.|
3|/////12.2|
4|//////111|
5|/////////|
6|/////////|
7|/////////|
8|/////////|
9|/////////|
-|—————————|
Set/unset mines marks or claim a cell as free: 
> 8 3 free
 |123456789|
—|—————————|
1|/1.1/1121|
2|/111/1.3.|
3|/////12X2|
4|//////111|
5|/////////|
6|/////////|
7|/////////|
8|/////////|
9|/////////|
-|—————————|
You stepped on a mine and failed!
?[1;31m
Start test 71?[0m
How many mines do you want on the field? 
> 4
 |123456789|
—|—————————|
1|.........|
2|.........|
3|......111|
4|......1.1|
5|11....111|
6|.1.......|
7|11.......|
8|111......|
9|1.1......|
-|—————————|
Set/unset mines marks or claim a cell as free: 
> 1 2 free
 |123456789|
—|—————————|
1|/////////|
2|/////////|
3|//////111|
4|//////1.1|
5|11////111|
6|.1///////|
7|11///////|
8|111//////|
9|1.1//////|
-|—————————|
Set/unset mines marks or claim a cell as free: 
> 1 6 mine
 |123456789|
—|—————————|
1|/////////|
2|/////////|
3|//////111|
4|//////1.1|
5|11////111|
6|*1///////|
7|11///////|
8|111//////|
9|1.1//////|
-|—————————|
Set/unset mines marks or claim a cell as free: 
> 8 4 free
 |123456789|
—|—————————|
1|/////////|
2|/////////|
3|//////111|
4|//////1X1|
5|11////111|
6|*1///////|
7|11///////|
8|111//////|
9|1.1//////|
-|—————————|
You stepped on a mine and failed!
?[1;31m
Start test 72?[0m
How many mines do you want on the field? 
> 4
 |123456789|
—|—————————|
1|11.....11|
2|.1.....1.|
3|11.....11|
4|......111|
5|...1111.1|
6|...1.1111|
7|...111...|
8|.........|
9|.........|
-|—————————|
Set/unset mines marks or claim a cell as free: 
> 3 2 mine
 |123456789|
—|—————————|
1|11.....11|
2|.1*....1.|
3|11.....11|
4|......111|
5|...1111.1|
6|...1.1111|
7|...111...|
8|.........|
9|.........|
-|—————————|
Set/unset mines marks or claim a cell as free: 
> 3 2 mine
 |123456789|
—|—————————|
1|11.....11|
2|.1.....1.|
3|11.....11|
4|......111|
5|...1111.1|
6|...1.1111|
7|...111...|
8|.........|
9|.........|
-|—————————|
Set/unset mines marks or claim a cell as free: 
> 3 4 free
 |123456789|
—|—————————|
1|11/////11|
2|.1/////1.|
3|11/////11|
4|//////111|
5|///1111.1|
6|///1.1111|
7|///111///|
8|/////////|
9|/////////|
-|—————————|
Set/unset mines marks or claim a cell as free: 
> 8 5 free
 |123456789|
—|—————————|
1|11/////11|
2|.1/////1.|
3|11/////11|
4|//////111|
5|///1111X1|
6|///1.1111|
7|///111///|
8|/////////|
9|/////////|
-|—————————|
You stepped on a mine and failed!
?[1;31m
Start test 73?[0m
How many mines do you want on the field? 
> 4
 |123456789|
—|—————————|
1|1.2221...|
2|112..1...|
3|..1221...|
4|.111.....|
5|.1.1.....|
6|.111.....|
7|.........|
8|.........|
9|.........|
-|—————————|
Set/unset mines marks or claim a cell as free: 
> 2 7 free
 |123456789|
—|—————————|
1|1.2221///|
2|112..1///|
3|//1221///|
4|/111/////|
5|/1.1/////|
6|/111/////|
7|/////////|
8|/////////|
9|/////////|
-|—————————|
Set/unset mines marks or claim a cell as free: 
> 3 5 free
 |123456789|
—|—————————|
1|1.2221///|
2|112..1///|
3|//1221///|
4|/111/////|
5|/1X1/////|
6|/111/////|
7|/////////|
8|/////////|
9|/////////|
-|—————————|
You stepped on a mine and failed!
?[1;31m
Start test 74?[0m
How many mines do you want on the field? 
> 4
 |123456789|
—|—————————|
1|....1.1..|
2|....111..|
3|.......11|
4|.......1.|
5|.......11|
6|.......11|
7|.......1.|
8|11.....11|
9|.1.......|
-|—————————|
Set/unset mines marks or claim a cell as free: 
> 5 7 free
 |123456789|
—|—————————|
1|////1.1//|
2|////111//|
3|///////11|
4|///////1.|
5|///////11|
6|///////11|
7|///////1.|
8|11/////11|
9|.1///////|
-|—————————|
Set/unset mines marks or claim a cell as free: 
> 1 9 free
 |123456789|
—|—————————|
1|////1.1//|
2|////111//|
3|///////11|
4|///////1.|
5|///////11|
6|///////11|
7|///////1.|
8|11/////11|
9|X1///////|
-|—————————|
You stepped on a mine and failed!
?[1;31m
Start test 75?[0m
How many mines do you want on the field? 
> 4
 |123456789|
—|—————————|
1|...1.1...|
2|...111111|
3|......1.1|
4|......111|
5|.........|
6|.........|
7|..111....|
8|..1.1....|
9|..111....|
-|—————————|
Set/unset mines marks or claim a cell as free: 
> 1 8 mine
 |123456789|
—|—————————|
1|...1.1...|
2|...111111|
3|......1.1|
4|......111|
5|.........|
6|.........|
7|..111....|
8|*.1.1....|
9|..111....|
-|—————————|
Set/unset mines marks or claim a cell as free: 
> 1 8 mine
 |123456789|
—|—————————|
1|...1.1...|
2|...111111|
3|......1.1|
4|......111|
5|.........|
6|.........|
7|..111....|
8|..1.1....|
9|..111....|
-|—————————|
Set/unset mines marks or claim a cell as free: 
> 6 7 free
 |123456789|
—|—————————|
1|///1.1...|
2|///111111|
3|//////1.1|
4|//////111|
5|/////////|
6|/////////|
7|//111////|
8|//1.1////|
9|//111////|
-|—————————|
Set/unset mines marks or claim a cell as free: 
> 4 8 free
 |123456789|
—|—————————|
1|///1.1...|
2|///111111|
3|//////1.1|
4|//////111|
5|/////////|
6|/////////|
7|//111////|
8|//1X1////|
9|//111////|
-|—————————|
You stepped on a mine and failed!
?[1;31m
Start test 76?[0m
How many mines do you want on the field? 
> 4
 |123456789|
—|—————————|
1|111......|
2|2.2...111|
3|2.2...1.1|
4|111...111|
5|11.......|
6|.1.......|
7|11.......|
8|.........|
9|.........|
-|—————————|
Set/unset mines marks or claim a cell as free: 
> 7 7 free
 |123456789|
—|—————————|
1|111//////|
2|2.2///111|
3|2.2///1.1|
4|111///111|
5|11///////|
6|.1///////|
7|11///////|
8|/////////|
9|/////////|
-|—————————|
Set/unset mines marks or claim a cell as free: 
> 8 3 free
 |123456789|
—|—————————|
1|111//////|
2|2.2///111|
3|2.2///1X1|
4|111///111|
5|11///////|
6|.1///////|
7|11///////|
8|/////////|
9|/////////|
-|—————————|
You stepped on a mine and failed!
?[1;31m
Start test 77?[0m
How many mines do you want on the field? 
> 4
 |123456789|
—|—————————|
1|.........|
2|...111...|
3|1111.1...|
4|1.1111...|
5|111....11|
6|.......1.|
7|.......11|
8|.111.....|
9|.1.1.....|
-|—————————|
Set/unset mines marks or claim a cell as free: 
> 3 7 mine
 |123456789|
—|—————————|
1|.........|
2|...111...|
3|1111.1...|
4|1.1111...|
5|111....11|
6|.......1.|
7|..*....11|
8|.111.....|
9|.1.1.....|
-|—————————|
Set/unset mines marks or claim a cell as free: 
> 3 7 mine
 |123456789|
—|—————————|
1|.........|
2|...111...|
3|1111.1...|
4|1.1111...|
5|111....11|
6|.......1.|
7|.......11|
8|.111.....|
9|.1.1.....|
-|—————————|
Set/unset mines marks or claim a cell as free: 
> 6 1 free
 |123456789|
—|—————————|
1|/////////|
2|///111///|
3|1111.1///|
4|1.1111///|
5|111////11|
6|///////1.|
7|///////11|
8|/111/////|
9|/1.1/////|
-|—————————|
Set/unset mines marks or claim a cell as free: 
> 9 6 free
 |123456789|
—|—————————|
1|/////////|
2|///111///|
3|1111.1///|
4|1.1111///|
5|111////11|
6|///////1X|
7|///////11|
8|/111/////|
9|/1.1/////|
-|—————————|
You stepped on a mine and failed!
?[1;31m
Start test 78?[0m
How many mines do you want on the field? 
> 4
 |123456789|
—|—————————|
1|......1.1|
2|......111|
3|.........|
4|.........|
5|.........|
6|.........|
7|122211...|
8|1..2.1...|
9|122211...|
-|—————————|
Set/unset mines marks or claim a cell as free: 
> 4 6 free
 |123456789|
—|—————————|
1|//////1.1|
2|//////111|
3|/////////|
4|/////////|
5|/////////|
6|/////////|
7|122211///|
8|1..2.1///|
9|122211///|
-|—————————|
Set/unset mines marks or claim a cell as free: 
> 2 8 mine
 |123456789|
—|—————————|
1|//////1.1|
2|//////111|
3|/////////|
4|/////////|
5|/////////|
6|/////////|
7|122211///|
8|1*.2.1///|
9|122211///|
-|—————————|
Set/unset mines marks or claim a cell as free: 
> 2 8 mine
 |123456789|
—|—————————|
1|//////1.1|
2|//////111|
3|/////////|
4|/////////|
5|/////////|
6|/////////|
7|122211///|
8|1..2.1///|
9|122211///|
-|—————————|
Set/unset mines marks or claim a cell as free: 
> 5 8 free
 |123456789|
—|—————————|
1|//////1.1|
2|//////111|
3|/////////|
4|/////////|
5|/////////|
6|/////////|
7|122211///|
8|1..2X1///|
9|122211///|
-|—————————|
You stepped on a mine and failed!
?[1;31m
Start test 79?[0m
How many mines do you want on the field? 
> 4
 |123456789|
—|—————————|
1|11.......|
2|.1...111.|
3|11..12.1.|
4|....1.21.|
5|....11111|
6|.......1.|
7|.......11|
8|.........|
9|.........|
-|—————————|
Set/unset mines marks or claim a cell as free: 
> 3 3 free
 |123456789|
—|—————————|
1|11///////|
2|.1///111/|
3|11//12.1/|
4|////1.21/|
5|////11111|
6|///////1.|
7|///////11|
8|/////////|
9|/////////|
-|—————————|
Set/unset mines marks or claim a cell as free: 
> 1 2 free
 |123456789|
—|—————————|
1|11///////|
2|X1///111/|
3|11//12.1/|
4|////1.21/|
5|////11111|
6|///////1.|
7|///////11|
8|/////////|
9|/////////|
-|—————————|
You stepped on a mine and failed!
?[1;31m
Start test 80?[0m
How many mines do you want on the field? 
> 4
 |123456789|
—|—————————|
1|.1.......|
2|11.......|
3|111......|
4|1.1......|
5|221......|
6|.1.......|
7|11111....|
8|..1.1....|
9|..111....|
-|—————————|
Set/unset mines marks or claim a cell as free: 
> 8 8 mine
 |123456789|
—|—————————|
1|.1.......|
2|11.......|
3|111......|
4|1.1......|
5|221......|
6|.1.......|
7|11111....|
8|..1.1..*.|
9|..111....|
-|—————————|
Set/unset mines marks or claim a cell as free: 
> 6 7 free
 |123456789|
—|—————————|
1|.1///////|
2|11///////|
3|111//////|
4|1.1//////|
5|221//////|
6|.1///////|
7|11111////|
8|..1.1////|
9|..111////|
-|—————————|
Set/unset mines marks or claim a cell as free: 
> 1 1 mine
 |123456789|
—|—————————|
1|*1///////|
2|11///////|
3|111//////|
4|1.1//////|
5|221//////|
6|.1///////|
7|11111////|
8|..1.1////|
9|..111////|
-|—————————|
Set/unset mines marks or claim a cell as free: 
> 1 6 free
 |123456789|
—|—————————|
1|*1///////|
2|11///////|
3|111//////|
4|1.1//////|
5|221//////|
6|X1///////|
7|11111////|
8|..1.1////|
9|..111////|
-|—————————|
You stepped on a mine and failed!
?[1;31m
Start test 81?[0m
How many mines do you want on the field? 
> 5
 |123456789|
—|—————————|
1|...1.1...|
2|...111...|
3|.111.....|
4|.1.211...|
5|1222.1...|
6|2.1111...|
7|.21......|
8|11.......|
9|.........|
-|—————————|
Set/unset mines marks or claim a cell as free: 
> 7 3 mine
 |123456789|
—|—————————|
1|...1.1...|
2|...111...|
3|.111..*..|
4|.1.211...|
5|1222.1...|
6|2.1111...|
7|.21......|
8|11.......|
9|.........|
-|—————————|
Set/unset mines marks or claim a cell as free: 
> 7 3 mine
 |123456789|
—|—————————|
1|...1.1...|
2|...111...|
3|.111.....|
4|.1.211...|
5|1222.1...|
6|2.1111...|
7|.21......|
8|11.......|
9|.........|
-|—————————|
Set/unset mines marks or claim a cell as free: 
> 7 9 free
 |123456789|
—|—————————|
1|...1.1///|
2|...111///|
3|.111/////|
4|.1.211///|
5|1222.1///|
6|2.1111///|
7|.21//////|
8|11///////|
9|/////////|
-|—————————|
Set/unset mines marks or claim a cell as free: 
> 2 2 free
 |123456789|
—|—————————|
1|///1.1///|
2|///111///|
3|/111/////|
4|/1.211///|
5|1222.1///|
6|2.1111///|
7|.21//////|
8|11///////|
9|/////////|
-|—————————|
Set/unset mines marks or claim a cell as free: 
> 5 5 free
 |123456789|
—|—————————|
1|///1.1///|
2|///111///|
3|/111/////|
4|/1.211///|
5|1222X1///|
6|2.1111///|
7|.21//////|
8|11///////|
9|/////////|
-|—————————|
You stepped on a mine and failed!
?[1;31m
Start test 82?[0m
How many mines do you want on the field? 
> 5
 |123456789|
—|—————————|
1|..1.3.2..|
2|..113.2..|
3|..11211..|
4|..1.1....|
5|..111....|
6|.........|
7|111......|
8|1.1......|
9|111......|
-|—————————|
Set/unset mines marks or claim a cell as free: 
> 9 3 free
 |123456789|
—|—————————|
1|//1.3.2//|
2|//113.2//|
3|//11211//|
4|//1.1////|
5|//111////|
6|/////////|
7|111//////|
8|1.1//////|
9|111//////|
-|—————————|
Set/unset mines marks or claim a cell as free: 
> 4 4 free
 |123456789|
—|—————————|
1|//1.3.2//|
2|//113.2//|
3|//11211//|
4|//1X1////|
5|//111////|
6|/////////|
7|111//////|
8|1.1//////|
9|111//////|
-|—————————|
You stepped on a mine and failed!
?[1;31m
Start test 83?[0m
How many mines do you want on the field? 
> 6
 |123456789|
—|—————————|
1|....1.21.|
2|....12.1.|
3|11...111.|
4|.1....111|
5|11....1.1|
6|.....1221|
7|11...1.1.|
8|.1...111.|
9|11.......|
-|—————————|
Set/unset mines marks or claim a cell as free: 
> 3 8 free
 |123456789|
—|—————————|
1|////1.21.|
2|////12.1.|
3|11///111.|
4|.1////111|
5|11////1.1|
6|/////1221|
7|11///1.1/|
8|.1///111/|
9|11///////|
-|—————————|
Set/unset mines marks or claim a cell as free: 
> 1 8 mine
 |123456789|
—|—————————|
1|////1.21.|
2|////12.1.|
3|11///111.|
4|.1////111|
5|11////1.1|
6|/////1221|
7|11///1.1/|
8|*1///111/|
9|11///////|
-|—————————|
Set/unset mines marks or claim a cell as free: 
> 1 8 mine
 |123456789|
—|—————————|
1|////1.21.|
2|////12.1.|
3|11///111.|
4|.1////111|
5|11////1.1|
6|/////1221|
7|11///1.1/|
8|.1///111/|
9|11///////|
-|—————————|
Set/unset mines marks or claim a cell as free: 
> 6 1 free
 |123456789|
—|—————————|
1|////1X21.|
2|////12.1.|
3|11///111.|
4|.1////111|
5|11////1.1|
6|/////1221|
7|11///1.1/|
8|.1///111/|
9|11///////|
-|—————————|
You stepped on a mine and failed!
?[1;31m
Start test 84?[0m
How many mines do you want on the field? 
> 6
 |123456789|
—|—————————|
1|.........|
2|111......|
3|1.21...11|
4|12.21..1.|
5|.12.1..11|
6|..111..11|
7|.....112.|
8|.....1.21|
9|.....111.|
-|—————————|
Set/unset mines marks or claim a cell as free: 
> 1 6 mine
 |123456789|
—|—————————|
1|.........|
2|111......|
3|1.21...11|
4|12.21..1.|
5|.12.1..11|
6|*.111..11|
7|.....112.|
8|.....1.21|
9|.....111.|
-|—————————|
Set/unset mines marks or claim a cell as free: 
> 6 6 free
 |123456789|
—|—————————|
1|/////////|
2|111//////|
3|1.21///11|
4|12.21//1.|
5|/12.1//11|
6|//111//11|
7|/////112.|
8|/////1.21|
9|/////111.|
-|—————————|
Set/unset mines marks or claim a cell as free: 
> 7 8 free
 |123456789|
—|—————————|
1|/////////|
2|111//////|
3|1.21///11|
4|12.21//1.|
5|/12.1//11|
6|//111//11|
7|/////112.|
8|/////1X21|
9|/////111.|
-|—————————|
You stepped on a mine and failed!
?[1;31m
Start test 85?[0m
How many mines do you want on the field? 
> 7
 |123456789|
—|—————————|
1|..111..1.|
2|..1.1..11|
3|11211....|
4|1.1......|
5|111.111..|
6|...13.2..|
7|...1..2..|
8|...1221..|
9|.........|
-|—————————|
Set/unset mines marks or claim a cell as free: 
> 9 3 free
 |123456789|
—|—————————|
1|..111//1.|
2|..1.1//11|
3|11211////|
4|1.1//////|
5|111/111//|
6|///13.2//|
7|///1..2//|
8|///1221//|
9|/////////|
-|—————————|
Set/unset mines marks or claim a cell as free: 
> 2 1 free
 |123456789|
—|—————————|
1|//111//1.|
2|//1.1//11|
3|11211////|
4|1.1//////|
5|111/111//|
6|///13.2//|
7|///1..2//|
8|///1221//|
9|/////////|
-|—————————|
Set/unset mines marks or claim a cell as free: 
> 5 7 mine
 |123456789|
—|—————————|
1|//111//1.|
2|//1.1//11|
3|11211////|
4|1.1//////|
5|111/111//|
6|///13.2//|
7|///1*.2//|
8|///1221//|
9|/////////|
-|—————————|
Set/unset mines marks or claim a cell as free: 
> 6 7 free
 |123456789|
—|—————————|
1|//111//1.|
2|//1.1//11|
3|11211////|
4|1.1//////|
5|111/111//|
6|///13.2//|
7|///1*X2//|
8|///1221//|
9|/////////|
-|—————————|
You stepped on a mine and failed!
?[1;31m
Start test 86?[0m
How many mines do you want on the field? 
> 7
 |123456789|
—|—————————|
1|.........|
2|.........|
3|.........|
4|.....111.|
5|.....1.1.|
6|.111.1121|
7|12.1...2.|
8|.211...2.|
9|11.....11|
-|—————————|
Set/unset mines marks or claim a cell as free: 
> 5 4 free
 |123456789|
—|—————————|
1|/////////|
2|/////////|
3|/////////|
4|/////111/|
5|/////1.1/|
6|/111/1121|
7|12.1///2.|
8|.211///2.|
9|11/////11|
-|—————————|
Set/unset mines marks or claim a cell as free: 
> 3 7 mine
 |123456789|
—|—————————|
1|/////////|
2|/////////|
3|/////////|
4|/////111/|
5|/////1.1/|
6|/111/1121|
7|12*1///2.|
8|.211///2.|
9|11/////11|
-|—————————|
Set/unset mines marks or claim a cell as free: 
> 9 7 mine
 |123456789|
—|—————————|
1|/////////|
2|/////////|
3|/////////|
4|/////111/|
5|/////1.1/|
6|/111/1121|
7|12*1///2*|
8|.211///2.|
9|11/////11|
-|—————————|
Set/unset mines marks or claim a cell as free: 
> 9 7 mine
 |123456789|
—|—————————|
1|/////////|
2|/////////|
3|/////////|
4|/////111/|
5|/////1.1/|
6|/111/1121|
7|12*1///2.|
8|.211///2.|
9|11/////11|
-|—————————|
Set/unset mines marks or claim a cell as free: 
> 9 7 free
 |123456789|
—|—————————|
1|/////////|
2|/////////|
3|/////////|
4|/////111/|
5|/////1.1/|
6|/111/1121|
7|12*1///2.|
8|.211///2.|
9|11/////11|
-|—————————|
You stepped on a mine and failed!
?[1;31m
Start test 87?[0m
How many mines do you want on the field? 
> 8
 |123456789|
—|—————————|
1|.1..111..|
2|11..1.1..|
3|111.222..|
4|1.1.1.21.|
5|111.12.1.|
6|..111111.|
7|..1.1.111|
8|..222.1.1|
9|..1.1.111|
-|—————————|
Set/unset mines marks or claim a cell as free: 
> 3 2 free
 |123456789|
—|—————————|
1|.1//111..|
2|11//1.1..|
3|111/222..|
4|1.1/1.21.|
5|111/12.1.|
6|..111111.|
7|..1.1.111|
8|..222.1.1|
9|..1.1.111|
-|—————————|
Set/unset mines marks or claim a cell as free: 
> 9 5 mine
 |123456789|
—|—————————|
1|.1//111..|
2|11//1.1..|
3|111/222..|
4|1.1/1.21.|
5|111/12.1*|
6|..111111.|
7|..1.1.111|
8|..222.1.1|
9|..1.1.111|
-|—————————|
Set/unset mines marks or claim a cell as free: 
> 9 1 free
 |123456789|
—|—————————|
1|.1//111//|
2|11//1.1//|
3|111/222//|
4|1.1/1.21/|
5|111/12.1/|
6|..111111/|
7|..1.1.111|
8|..222.1.1|
9|..1.1.111|
-|—————————|
Set/unset mines marks or claim a cell as free: 
> 1 7 mine
 |123456789|
—|—————————|
1|.1//111//|
2|11//1.1//|
3|111/222//|
4|1.1/1.21/|
5|111/12.1/|
6|..111111/|
7|*.1.1.111|
8|..222.1.1|
9|..1.1.111|
-|—————————|
Set/unset mines marks or claim a cell as free: 
> 6 8 mine
 |123456789|
—|—————————|
1|.1//111//|
2|11//1.1//|
3|111/222//|
4|1.1/1.21/|
5|111/12.1/|
6|..111111/|
7|*.1.1.111|
8|..222*1.1|
9|..1.1.111|
-|—————————|
Set/unset mines marks or claim a cell as free: 
> 6 8 mine
 |123456789|
—|—————————|
1|.1//111//|
2|11//1.1//|
3|111/222//|
4|1.1/1.21/|
5|111/12.1/|
6|..111111/|
7|*.1.1.111|
8|..222.1.1|
9|..1.1.111|
-|—————————|
Set/unset mines marks or claim a cell as free: 
> 1 7 mine
 |123456789|
—|—————————|
1|.1//111//|
2|11//1.1//|
3|111/222//|
4|1.1/1.21/|
5|111/12.1/|
6|..111111/|
7|..1.1.111|
8|..222.1.1|
9|..1.1.111|
-|—————————|
Set/unset mines marks or claim a cell as free: 
> 6 9 mine
 |123456789|
—|—————————|
1|.1//111//|
2|11//1.1//|
3|111/222//|
4|1.1/1.21/|
5|111/12.1/|
6|..111111/|
7|..1.1.111|
8|..222.1.1|
9|..1.1*111|
-|—————————|
Set/unset mines marks or claim a cell as free: 
> 2 9 mine
 |123456789|
—|—————————|
1|.1//111//|
2|11//1.1//|
3|111/222//|
4|1.1/1.21/|
5|111/12.1/|
6|..111111/|
7|..1.1.111|
8|..222.1.1|
9|.*1.1*111|
-|—————————|
Set/unset mines marks or claim a cell as free: 
> 6 9 mine
 |123456789|
—|—————————|
1|.1//111//|
2|11//1.1//|
3|111/222//|
4|1.1/1.21/|
5|111/12.1/|
6|..111111/|
7|..1.1.111|
8|..222.1.1|
9|.*1.1.111|
-|—————————|
Set/unset mines marks or claim a cell as free: 
> 2 6 mine
 |123456789|
—|—————————|
1|.1//111//|
2|11//1.1//|
3|111/222//|
4|1.1/1.21/|
5|111/12.1/|
6|.*111111/|
7|..1.1.111|
8|..222.1.1|
9|.*1.1.111|
-|—————————|
Set/unset mines marks or claim a cell as free: 
> 2 7 mine
 |123456789|
—|—————————|
1|.1//111//|
2|11//1.1//|
3|111/222//|
4|1.1/1.21/|
5|111/12.1/|
6|.*111111/|
7|.*1.1.111|
8|..222.1.1|
9|.*1.1.111|
-|—————————|
Set/unset mines marks or claim a cell as free: 
> 2 9 mine
 |123456789|
—|—————————|
1|.1//111//|
2|11//1.1//|
3|111/222//|
4|1.1/1.21/|
5|111/12.1/|
6|.*111111/|
7|.*1.1.111|
8|..222.1.1|
9|..1.1.111|
-|—————————|
Set/unset mines marks or claim a cell as free: 
> 6 2 mine
 |123456789|
—|—————————|
1|.1//111//|
2|11//1*1//|
3|111/222//|
4|1.1/1.21/|
5|111/12.1/|
6|.*111111/|
7|.*1.1.111|
8|..222.1.1|
9|..1.1.111|
-|—————————|
Set/unset mines marks or claim a cell as free: 
> 6 4 mine
 |123456789|
—|—————————|
1|.1//111//|
2|11//1*1//|
3|111/222//|
4|1.1/1*21/|
5|111/12.1/|
6|.*111111/|
7|.*1.1.111|
8|..222.1.1|
9|..1.1.111|
-|—————————|
Set/unset mines marks or claim a cell as free: 
> 1 7 free
 |123456789|
—|—————————|
1|.1//111//|
2|11//1*1//|
3|111/222//|
4|1.1/1*21/|
5|111/12.1/|
6|//111111/|
7|//1.1.111|
8|//222.1.1|
9|//1.1.111|
-|—————————|
Set/unset mines marks or claim a cell as free: 
> 6 2 mine
 |123456789|
—|—————————|
1|.1//111//|
2|11//1.1//|
3|111/222//|
4|1.1/1*21/|
5|111/12.1/|
6|//111111/|
7|//1.1.111|
8|//222.1.1|
9|//1.1.111|
-|—————————|
Set/unset mines marks or claim a cell as free: 
> 6 8 mine
 |123456789|
—|—————————|
1|.1//111//|
2|11//1.1//|
3|111/222//|
4|1.1/1*21/|
5|111/12.1/|
6|//111111/|
7|//1.1.111|
8|//222*1.1|
9|//1.1.111|
-|—————————|
Set/unset mines marks or claim a cell as free: 
> 6 8 mine
 |123456789|
—|—————————|
1|.1//111//|
2|11//1.1//|
3|111/222//|
4|1.1/1*21/|
5|111/12.1/|
6|//111111/|
7|//1.1.111|
8|//222.1.1|
9|//1.1.111|
-|—————————|
Set/unset mines marks or claim a cell as free: 
> 6 4 mine
 |123456789|
—|—————————|
1|.1//111//|
2|11//1.1//|
3|111/222//|
4|1.1/1.21/|
5|111/12.1/|
6|//111111/|
7|//1.1.111|
8|//222.1.1|
9|//1.1.111|
-|—————————|
Set/unset mines marks or claim a cell as free: 
> 8 8 free
 |123456789|
—|—————————|
1|.1//111//|
2|11//1.1//|
3|111/222//|
4|1.1/1.21/|
5|111/12.1/|
6|//111111/|
7|//1.1.111|
8|//222.1X1|
9|//1.1.111|
-|—————————|
You stepped on a mine and failed!
?[1;31m
Start test 88?[0m
How many mines do you want on the field? 
> 8
 |123456789|
—|—————————|
1|......1.1|
2|.111.1221|
3|.1.211.1.|
4|.13.2111.|
5|.13.2....|
6|.1.21.111|
7|1221..1.1|
8|1.1...111|
9|111......|
-|—————————|
Set/unset mines marks or claim a cell as free: 
> 6 6 free
 |123456789|
—|—————————|
1|......1.1|
2|.111.1221|
3|.1.211.1/|
4|.13.2111/|
5|.13.2////|
6|.1.21/111|
7|1221//1.1|
8|1.1///111|
9|111//////|
-|—————————|
Set/unset mines marks or claim a cell as free: 
> 5 2 mine
 |123456789|
[...]
—|—————————|
1|//////1.1|
2|/111/1221|
3|/1.211.1/|
4|/13X2111/|
5|/13.2////|
6|/1.21/111|
7|1221//1.1|
8|1.1///111|
9|111//////|
-|—————————|
You stepped on a mine and failed!
?[1;31m
Start test 89?[0m
How many mines do you want on the field? 
> 9
 |123456789|
—|—————————|
1|...2.31..|
2|11.2..31.|
3|.2.14..1.|
4|.2..2.31.|
5|11..111..|
6|.........|
7|.........|
8|....111..|
9|....1.1..|
-|—————————|
Set/unset mines marks or claim a cell as free: 
> 2 7 free
 |123456789|
—|—————————|
1|///2.31//|
2|11/2..31/|
3|.2/14..1/|
4|.2//2.31/|
5|11//111//|
6|/////////|
7|/////////|
8|////111//|
9|////1.1//|
-|—————————|
Set/unset mines marks or claim a cell as free: 
> 1 3 mine
 |123456789|
—|—————————|
1|///2.31//|
2|11/2..31/|
3|*2/14..1/|
4|.2//2.31/|
5|11//111//|
6|/////////|
7|/////////|
8|////111//|
9|////1.1//|
-|—————————|
Set/unset mines marks or claim a cell as free: 
> 5 2 mine
 |123456789|
—|—————————|
1|///2.31//|
2|11/2*.31/|
3|*2/14..1/|
4|.2//2.31/|
5|11//111//|
6|/////////|
7|/////////|
8|////111//|
9|////1.1//|
-|—————————|
Set/unset mines marks or claim a cell as free: 
> 6 4 free
 |123456789|
—|—————————|
1|///2.31//|
2|11/2*.31/|
3|*2/14..1/|
4|.2//2X31/|
5|11//111//|
6|/////////|
7|/////////|
8|////111//|
9|////1.1//|
-|—————————|
You stepped on a mine and failed!
?[1;31m
Start test 90?[0m
How many mines do you want on the field? 
> 9
 |123456789|
—|—————————|
1|.1.2.1...|
2|.22311...|
3|12.211...|
4|.212.1...|
5|11.111...|
6|....111..|
7|111.2.2..|
8|1.1.2.2..|
9|111.111..|
-|—————————|
Set/unset mines marks or claim a cell as free: 
> 1 2 mine
 |123456789|
—|—————————|
1|.1.2.1...|
2|*22311...|
3|12.211...|
4|.212.1...|
5|11.111...|
6|....111..|
7|111.2.2..|
8|1.1.2.2..|
9|111.111..|
-|—————————|
Set/unset mines marks or claim a cell as free: 
> 7 4 mine
 |123456789|
—|—————————|
1|.1.2.1...|
2|*22311...|
3|12.211...|
4|.212.1*..|
5|11.111...|
6|....111..|
7|111.2.2..|
8|1.1.2.2..|
9|111.111..|
-|—————————|
Set/unset mines marks or claim a cell as free: 
> 7 1 free
 |123456789|
—|—————————|
1|.1.2.1///|
2|*22311///|
3|12.211///|
4|.212.1///|
5|11.111///|
6|....111//|
7|111.2.2//|
8|1.1.2.2//|
9|111.111//|
-|—————————|
Set/unset mines marks or claim a cell as free: 
> 2 8 free
 |123456789|
—|—————————|
1|.1.2.1///|
2|*22311///|
3|12.211///|
4|.212.1///|
5|11.111///|
6|....111//|
7|111.2.2//|
8|1X1.2.2//|
9|111.111//|
-|—————————|
You stepped on a mine and failed!
?[1;31m
Start test 91?[0m
How many mines do you want on the field? 
> 10
 |123456789|
—|—————————|
1|.1111221.|
2|.2.32..1.|
3|.2.3.321.|
4|.1121211.|
5|.....1.1.|
6|11.112121|
7|.1.2.2.1.|
8|11.2.2.11|
9|...111...|
-|—————————|
Set/unset mines marks or claim a cell as free: 
> 9 1 free
 |123456789|
—|—————————|
1|.1111221/|
2|.2.32..1/|
3|.2.3.321/|
4|.1121211/|
5|.....1.1/|
6|11.112121|
7|.1.2.2.1.|
8|11.2.2.11|
9|...111...|
-|—————————|
Set/unset mines marks or claim a cell as free: 
> 1 4 free
 |123456789|
—|—————————|
1|/1111221/|
2|/2.32..1/|
3|/2.3.321/|
4|/1121211/|
5|/////1.1/|
6|11/112121|
7|.1/2.2.1.|
8|11/2.2.11|
9|///111...|
-|—————————|
Set/unset mines marks or claim a cell as free: 
> 3 3 free
 |123456789|
—|—————————|
1|/1111221/|
2|/2.32..1/|
3|/2X3.321/|
4|/1121211/|
5|/////1.1/|
6|11/112121|
7|.1/2.2.1.|
8|11/2.2.11|
9|///111...|
-|—————————|
You stepped on a mine and failed!
?[1;31m
Start test 92?[0m
How many mines do you want on the field? 
> 10
 |123456789|
—|—————————|
1|1111.1111|
2|1.11222.1|
3|111.1.222|
4|.1111111.|
5|.1.1...11|
6|.11211...|
7|...1.1...|
8|..1221111|
9|..1.1.1.1|
-|—————————|
Set/unset mines marks or claim a cell as free: 
> 3 5 mine
 |123456789|
—|—————————|
1|1111.1111|
2|1.11222.1|
3|111.1.222|
4|.1111111.|
5|.1*1...11|
6|.11211...|
7|...1.1...|
8|..1221111|
9|..1.1.1.1|
-|—————————|
Set/unset mines marks or claim a cell as free: 
> 3 5 mine
 |123456789|
—|—————————|
1|1111.1111|
2|1.11222.1|
3|111.1.222|
4|.1111111.|
5|.1.1...11|
6|.11211...|
7|...1.1...|
8|..1221111|
9|..1.1.1.1|
-|—————————|
Set/unset mines marks or claim a cell as free: 
> 8 9 free
 |123456789|
—|—————————|
1|1111.1111|
2|1.11222.1|
3|111.1.222|
4|.1111111.|
5|.1.1...11|
6|.11211...|
7|...1.1...|
8|..1221111|
9|..1.1.1X1|
-|—————————|
You stepped on a mine and failed!
?[1;31m
Start test 93?[0m
How many mines do you want on the field? 
> 15
 |123456789|
—|—————————|
1|.........|
2|.....111.|
3|11...1.21|
4|.2..134.1|
5|.2112..32|
6|221.234.1|
7|.22212.31|
8|13.2.2.2.|
9|.2.2.111.|
-|—————————|
Set/unset mines marks or claim a cell as free: 
> 3 3 free
 |123456789|
—|—————————|
1|/////////|
2|/////111/|
3|11///1.21|
4|.2//134.1|
5|.2112..32|
6|221.234.1|
7|.22212.31|
8|13.2.2.2.|
9|.2.2.111.|
-|—————————|
Set/unset mines marks or claim a cell as free: 
> 7 5 mine
 |123456789|
—|—————————|
1|/////////|
2|/////111/|
3|11///1.21|
4|.2//134.1|
5|.2112.*32|
6|221.234.1|
7|.22212.31|
8|13.2.2.2.|
9|.2.2.111.|
-|—————————|
Set/unset mines marks or claim a cell as free: 
> 4 6 mine
 |123456789|
—|—————————|
1|/////////|
2|/////111/|
3|11///1.21|
4|.2//134.1|
5|.2112.*32|
6|221*234.1|
7|.22212.31|
8|13.2.2.2.|
9|.2.2.111.|
-|—————————|
Set/unset mines marks or claim a cell as free: 
> 1 4 mine
 |123456789|
—|—————————|
1|/////////|
2|/////111/|
3|11///1.21|
4|*2//134.1|
5|.2112.*32|
6|221*234.1|
7|.22212.31|
8|13.2.2.2.|
9|.2.2.111.|
-|—————————|
Set/unset mines marks or claim a cell as free: 
> 8 6 free
 |123456789|
—|—————————|
1|/////////|
2|/////111/|
3|11///1.21|
4|*2//134.1|
5|.2112.*32|
6|221*234X1|
7|.22212.31|
8|13.2.2.2.|
9|.2.2.111.|
-|—————————|
You stepped on a mine and failed!
?[1;31m
Start test 94?[0m
How many mines do you want on the field? 
> 15
 |123456789|
—|—————————|
1|...1.3.31|
2|.11224.3.|
3|.1.22.343|
4|.112.22..|
5|..1221122|
6|..1.1.111|
7|..111.2.2|
8|.....13.2|
9|.....1.21|
-|—————————|
Set/unset mines marks or claim a cell as free: 
> 2 6 free
 |123456789|
—|—————————|
1|///1.3.31|
2|/11224.3.|
3|/1.22.343|
4|/112.22..|
5|//1221122|
6|//1.1/111|
7|//111/2.2|
8|/////13.2|
9|/////1.21|
-|—————————|
Set/unset mines marks or claim a cell as free: 
> 5 1 free
 |123456789|
—|—————————|
1|///1X3.31|
2|/11224.3.|
3|/1.22.343|
4|/112.22..|
5|//1221122|
6|//1.1/111|
7|//111/2.2|
8|/////13.2|
9|/////1.21|
-|—————————|
You stepped on a mine and failed!
?[1;31m
Start test 95?[0m
How many mines do you want on the field? 
> 20
 |123456789|
—|—————————|
1|1.21111..|
2|12.11.1..|
3|1221222..|
4|2.324.2..|
5|2.3...211|
6|11334223.|
7|..2.311..|
8|..2..1133|
9|..1221.1.|
-|—————————|
Set/unset mines marks or claim a cell as free: 
> 6 2 free
 |123456789|
—|—————————|
1|1.21111..|
2|12.11X1..|
3|1221222..|
4|2.324.2..|
5|2.3...211|
6|11334223.|
7|..2.311..|
8|..2..1133|
9|..1221.1.|
-|—————————|
You stepped on a mine and failed!
?[1;31m
Start test 96?[0m
How many mines do you want on the field? 
> 20
 |123456789|
—|—————————|
1|...124.2.|
2|...1...41|
3|...125.4.|
4|.....3.41|
5|112113.41|
6|2.3.12..1|
7|2.4221221|
8|113.31122|
9|..2..11..|
-|—————————|
Set/unset mines marks or claim a cell as free: 
> 3 4 mine
 |123456789|
—|—————————|
1|...124.2.|
2|...1...41|
3|...125.4.|
4|..*..3.41|
5|112113.41|
6|2.3.12..1|
7|2.4221221|
8|113.31122|
9|..2..11..|
-|—————————|
Set/unset mines marks or claim a cell as free: 
> 7 1 free
 |123456789|
—|—————————|
1|...124X2.|
2|...1...41|
3|...125.4.|
4|..*..3.41|
5|112113.41|
6|2.3.12..1|
7|2.4221221|
8|113.31122|
9|..2..11..|
-|—————————|
You stepped on a mine and failed!
?[1;31m
Start test 97?[0m
How many mines do you want on the field? 
> 25
 |123456789|
—|—————————|
1|..1..4.1.|
2|1114..32.|
3|.2.2.4.1.|
4|.32323342|
5|12..23...|
6|1223.3.64|
7|.212233..|
8|12.23.322|
9|.112..2..|
-|—————————|
Set/unset mines marks or claim a cell as free: 
> 5 9 free
 |123456789|
—|—————————|
1|..1..4.1.|
2|1114..32.|
3|.2.2.4.1.|
4|.32323342|
5|12..23...|
6|1223.3.64|
7|.212233..|
8|12.23.322|
9|.112X.2..|
-|—————————|
You stepped on a mine and failed!
?[1;31m
Start test 98?[0m
How many mines do you want on the field? 
> 25
 |123456789|
—|—————————|
1|..1112...|
2|112.12.53|
3|1.222223.|
4|1223.43.2|
5|12.3...21|
6|.3233421.|
7|3.11.1.11|
8|.3212212.|
9|2.1.1.12.|
-|—————————|
Set/unset mines marks or claim a cell as free: 
> 1 6 free
 |123456789|
—|—————————|
1|..1112...|
2|112.12.53|
3|1.222223.|
4|1223.43.2|
5|12.3...21|
6|X3233421.|
7|3.11.1.11|
8|.3212212.|
9|2.1.1.12.|
-|—————————|
You stepped on a mine and failed!
?[1;31m
Start test 99?[0m
How many mines do you want on the field? 
> 30
 |123456789|
—|—————————|
1|....2.32.|
2|12223..43|
3|2..4.54..|
4|.44...322|
5|2.23..211|
6|11113333.|
7|11112.2..|
8|1.34.3222|
9|12...2...|
-|—————————|
Set/unset mines marks or claim a cell as free: 
> 4 1 free
 |123456789|
—|—————————|
1|////2.32.|
2|12223..43|
3|2..4.54..|
4|.44...322|
5|2.23..211|
6|11113333.|
7|11112.2..|
8|1.34.3222|
9|12...2...|
-|—————————|
Set/unset mines marks or claim a cell as free: 
> 1 4 mine
 |123456789|
—|—————————|
1|////2.32.|
2|12223..43|
3|2..4.54..|
4|*44...322|
5|2.23..211|
6|11113333.|
7|11112.2..|
8|1.34.3222|
9|12...2...|
-|—————————|
Set/unset mines marks or claim a cell as free: 
> 1 4 mine
 |123456789|
—|—————————|
1|////2.32.|
2|12223..43|
3|2..4.54..|
4|.44...322|
5|2.23..211|
6|11113333.|
7|11112.2..|
8|1.34.3222|
9|12...2...|
-|—————————|
Set/unset mines marks or claim a cell as free: 
> 2 5 mine
 |123456789|
—|—————————|
1|////2.32.|
2|12223..43|
3|2..4.54..|
4|.44...322|
5|2*23..211|
6|11113333.|
7|11112.2..|
8|1.34.3222|
9|12...2...|
-|—————————|
Set/unset mines marks or claim a cell as free: 
> 6 5 free
 |123456789|
—|—————————|
1|////2.32.|
2|12223..43|
3|2..4.54..|
4|.44...322|
5|2*23.X211|
6|11113333.|
7|11112.2..|
8|1.34.3222|
9|12...2...|
-|—————————|
You stepped on a mine and failed!
?[1;31m
Start test 100?[0m
How many mines do you want on the field? 
> 30
 |123456789|
—|—————————|
1|.12.2....|
2|.1.223...|
3|123211232|
4|2.3.1..11|
5|3.523122.|
6|3.4.2.2.2|
7|.3.232311|
8|23323.322|
9|1.2.3.3..|
-|—————————|
Set/unset mines marks or claim a cell as free: 
> 9 1 mine
 |123456789|
—|—————————|
1|.12.2...*|
2|.1.223...|
3|123211232|
4|2.3.1..11|
5|3.523122.|
6|3.4.2.2.2|
7|.3.232311|
8|23323.322|
9|1.2.3.3..|
-|—————————|
Set/unset mines marks or claim a cell as free: 
> 9 1 mine
 |123456789|
—|—————————|
1|.12.2....|
2|.1.223...|
3|123211232|
4|2.3.1..11|
5|3.523122.|
6|3.4.2.2.2|
7|.3.232311|
8|23323.322|
9|1.2.3.3..|
-|—————————|
Set/unset mines marks or claim a cell as free: 
> 1 1 mine
 |123456789|
—|—————————|
1|*12.2....|
2|.1.223...|
3|123211232|
4|2.3.1..11|
5|3.523122.|
6|3.4.2.2.2|
7|.3.232311|
8|23323.322|
9|1.2.3.3..|
-|—————————|
Set/unset mines marks or claim a cell as free: 
> 2 4 mine
 |123456789|
—|—————————|
1|*12.2....|
2|.1.223...|
3|123211232|
4|2*3.1..11|
5|3.523122.|
6|3.4.2.2.2|
7|.3.232311|
8|23323.322|
9|1.2.3.3..|
-|—————————|
Set/unset mines marks or claim a cell as free: 
> 7 1 mine
 |123456789|
—|—————————|
1|*12.2.*..|
2|.1.223...|
3|123211232|
4|2*3.1..11|
5|3.523122.|
6|3.4.2.2.2|
7|.3.232311|
8|23323.322|
9|1.2.3.3..|
-|—————————|
Set/unset mines marks or claim a cell as free: 
> 8 6 free
 |123456789|
—|—————————|
1|*12.2.*..|
2|.1.223...|
3|123211232|
4|2*3.1..11|
5|3.523122.|
6|3.4.2.2X2|
7|.3.232311|
8|23323.322|
9|1.2.3.3..|
-|—————————|
You stepped on a mine and failed!
?[1;31m
Start test 101?[0m
How many mines do you want on the field? 
> 35
 |123456789|
—|—————————|
1|.113.21..|
2|.2.4.324.|
3|13.44.22.|
4|.333..321|
5|2.4.54.1.|
6|23..5.221|
7|.35..332.|
8|3.4.5.2.2|
9|.3.3.2211|
-|—————————|
Set/unset mines marks or claim a cell as free: 
> 4 6 free
 |123456789|
—|—————————|
1|.113.21..|
2|.2.4.324.|
3|13.44.22.|
4|.333..321|
5|2.4.54.1.|
6|23.X5.221|
7|.35..332.|
8|3.4.5.2.2|
9|.3.3.2211|
-|—————————|
You stepped on a mine and failed!
?[1;31m
Start test 102?[0m
How many mines do you want on the field? 
> 35
 |123456789|
—|—————————|
1|.2..213.2|
2|.2.44.5.3|
3|1222..4.3|
4|2.324443.|
5|2.4.4..31|
6|114..5.31|
7|..3.6.6.2|
8|112.5...2|
9|.112.3321|
-|—————————|
Set/unset mines marks or claim a cell as free: 
> 2 4 free
 |123456789|
—|—————————|
1|.2..213.2|
2|.2.44.5.3|
3|1222..4.3|
4|2X324443.|
5|2.4.4..31|
6|114..5.31|
7|..3.6.6.2|
8|112.5...2|
9|.112.3321|
-|—————————|
You stepped on a mine and failed!
?[1;31m
Start test 103?[0m
How many mines do you want on the field? 
> 40
 |123456789|
—|—————————|
1|.2..4.31.|
2|13..5..31|
3|.5434..4.|
4|...34.43.|
5|25.5..443|
6|14..33...|
7|.5.311232|
8|..33321..|
9|222...1..|
-|—————————|
Set/unset mines marks or claim a cell as free: 
> 3 4 mine
 |123456789|
—|—————————|
1|.2..4.31.|
2|13..5..31|
3|.5434..4.|
4|..*34.43.|
5|25.5..443|
6|14..33...|
7|.5.311232|
8|..33321..|
9|222...1..|
-|—————————|
Set/unset mines marks or claim a cell as free: 
> 6 9 free
 |123456789|
—|—————————|
1|.2..4.31.|
2|13..5..31|
3|.5434..4.|
4|..*34.43.|
5|25.5..443|
6|14..33...|
7|.5.311232|
8|..33321..|
9|222..X1..|
-|—————————|
You stepped on a mine and failed!
?[1;31m
Start test 104?[0m
How many mines do you want on the field? 
> 40
 |123456789|
—|—————————|
1|.4.3122.2|
2|3..4.3.5.|
3|.44.5.5..|
4|12.3...32|
5|12334.421|
6|2.4.224.3|
7|2..322...|
8|3443.2343|
9|..2.211.1|
-|—————————|
Set/unset mines marks or claim a cell as free: 
> 2 2 mine
 |123456789|
—|—————————|
1|.4.3122.2|
2|3*.4.3.5.|
3|.44.5.5..|
4|12.3...32|
5|12334.421|
6|2.4.224.3|
7|2..322...|
8|3443.2343|
9|..2.211.1|
-|—————————|
Set/unset mines marks or claim a cell as free: 
> 2 2 mine
 |123456789|
—|—————————|
1|.4.3122.2|
2|3..4.3.5.|
3|.44.5.5..|
4|12.3...32|
5|12334.421|
6|2.4.224.3|
7|2..322...|
8|3443.2343|
9|..2.211.1|
-|—————————|
Set/unset mines marks or claim a cell as free: 
> 3 2 free
 |123456789|
—|—————————|
1|.4.3122.2|
2|3.X4.3.5.|
3|.44.5.5..|
4|12.3...32|
5|12334.421|
6|2.4.224.3|
7|2..322...|
8|3443.2343|
9|..2.211.1|
-|—————————|
You stepped on a mine and failed!
?[1;31m
Start test 105?[0m
How many mines do you want on the field? 
> 45
 |123456789|
—|—————————|
1|.212.....|
2|4.22.4332|
3|..3211...|
4|.6.2111..|
5|.4.21.1..|
6|343222221|
7|..5.32.3.|
8|.....44.2|
9|...43..21|
-|—————————|
Set/unset mines marks or claim a cell as free: 
> 9 1 free
 |123456789|
—|—————————|
1|.212....X|
2|4.22.4332|
3|..3211...|
4|.6.2111..|
5|.4.21.1..|
6|343222221|
7|..5.32.3.|
8|.....44.2|
9|...43..21|
-|—————————|
You stepped on a mine and failed!
?[1;31m
Start test 106?[0m
How many mines do you want on the field? 
> 45
 |123456789|
—|—————————|
1|2211112..|
2|..33.22..|
3|..6..3222|
4|3...4.21.|
5|36.534.31|
6|...4.3.4.|
7|...4233.3|
8|4.5.11.3.|
9|2.3111121|
-|—————————|
Set/unset mines marks or claim a cell as free: 
> 5 6 free
 |123456789|
—|—————————|
1|2211112..|
2|..33.22..|
3|..6..3222|
4|3...4.21.|
5|36.534.31|
6|...4X3.4.|
7|...4233.3|
8|4.5.11.3.|
9|2.3111121|
-|—————————|
You stepped on a mine and failed!
?[1;31m
Start test 107?[0m
How many mines do you want on the field? 
> 50
 |123456789|
—|—————————|
1|.4.212...|
2|..44.3232|
3|..6..4121|
4|4....5.4.|
5|.5544..6.|
6|2..33...2|
7|24..22332|
8|.3443111.|
9|12..2.111|
-|—————————|
Set/unset mines marks or claim a cell as free: 
> 9 1 free
 |123456789|
—|—————————|
1|.4.212..X|
2|..44.3232|
3|..6..4121|
4|4....5.4.|
5|.5544..6.|
6|2..33...2|
7|24..22332|
8|.3443111.|
9|12..2.111|
-|—————————|
You stepped on a mine and failed!
?[1;31m
Start test 108?[0m
How many mines do you want on the field? 
> 50
 |123456789|
—|—————————|
1|..2.23...|
2|.4444....|
3|13...6.63|
4|24...5.5.|
5|..555.5..|
6|4..4...53|
7|2...4...2|
8|244334.4.|
9|.2.11.221|
-|—————————|
Set/unset mines marks or claim a cell as free: 
> 4 1 free
 |123456789|
—|—————————|
1|..2X23...|
2|.4444....|
3|13...6.63|
4|24...5.5.|
5|..555.5..|
6|4..4...53|
7|2...4...2|
8|244334.4.|
9|.2.11.221|
-|—————————|
You stepped on a mine and failed!
?[1;31m
Start test 109?[0m
How many mines do you want on the field? 
> 55
 |123456789|
—|—————————|
1|3.42224..|
2|....4....|
3|3454..6.5|
4|2.4.434..|
5|2.5.33.53|
6|34.5.5.5.|
7|..6...4..|
8|....5.34.|
9|3.422112.|
-|—————————|
Set/unset mines marks or claim a cell as free: 
> 4 5 free
 |123456789|
—|—————————|
1|3.42224..|
2|....4....|
3|3454..6.5|
4|2.4.434..|
5|2.5X33.53|
6|34.5.5.5.|
7|..6...4..|
8|....5.34.|
9|3.422112.|
-|—————————|
You stepped on a mine and failed!
?[1;31m
Start test 110?[0m
How many mines do you want on the field? 
> 55
 |123456789|
—|—————————|
1|..32.3..2|
2|5..54.33.|
3|.....3211|
4|4..65.421|
5|2...4...2|
6|25.54.44.|
7|.5.5.323.|
8|.6..6.23.|
9|2.....22.|
-|—————————|
Set/unset mines marks or claim a cell as free: 
> 7 5 free
 |123456789|
—|—————————|
1|..32.3..2|
2|5..54.33.|
3|.....3211|
4|4..65.421|
5|2...4.X.2|
6|25.54.44.|
7|.5.5.323.|
8|.6..6.23.|
9|2.....22.|
-|—————————|
You stepped on a mine and failed!
?[1;31m
Start test 111?[0m
How many mines do you want on the field? 
> 60
 |123456789|
—|—————————|
1|.2123.3.2|
2|.44..34.3|
3|3...7.44.|
4|3.....3..|
5|2....445.|
6|357.54..4|
7|....5....|
8|4..5....3|
9|.323.5.31|
-|—————————|
Set/unset mines marks or claim a cell as free: 
> 2 5 free
 |123456789|
—|—————————|
1|.2123.3.2|
2|.44..34.3|
3|3...7.44.|
4|3.....3..|
5|2X...445.|
6|357.54..4|
7|....5....|
8|4..5....3|
9|.323.5.31|
-|—————————|
You stepped on a mine and failed!
?[1;31m
Start test 112?[0m
How many mines do you want on the field? 
> 60
 |123456789|
—|—————————|
1|2.34.3...|
2|.4...5343|
3|.54...33.|
4|..45.5..3|
5|.5..44..4|
6|.45.4.4..|
7|3.4.6444.|
8|.55....42|
9|...4...3.|
-|—————————|
Set/unset mines marks or claim a cell as free: 
> 8 4 mine
 |123456789|
—|—————————|
1|2.34.3...|
2|.4...5343|
3|.54...33.|
4|..45.5.*3|
5|.5..44..4|
6|.45.4.4..|
7|3.4.6444.|
8|.55....42|
9|...4...3.|
-|—————————|
Set/unset mines marks or claim a cell as free: 
> 8 4 mine
 |123456789|
—|—————————|
1|2.34.3...|
2|.4...5343|
3|.54...33.|
4|..45.5..3|
5|.5..44..4|
6|.45.4.4..|
7|3.4.6444.|
8|.55....42|
9|...4...3.|
-|—————————|
Set/unset mines marks or claim a cell as free: 
> 5 3 free
 |123456789|
—|—————————|
1|2.34.3...|
2|.4...5343|
3|.54.X.33.|
4|..45.5..3|
5|.5..44..4|
6|.45.4.4..|
7|3.4.6444.|
8|.55....42|
9|...4...3.|
-|—————————|
You stepped on a mine and failed!
?[1;31m
Start test 113?[0m
How many mines do you want on the field? 
> 65
 |123456789|
—|—————————|
1|..211223.|
2|.7.32..3.|
3|....44331|
4|.....2.1.|
5|5...32232|
6|...6312..|
7|5....34..|
8|..6..5..4|
9|3.33..33.|
-|—————————|
Set/unset mines marks or claim a cell as free: 
> 1 2 mine
 |123456789|
—|—————————|
1|..211223.|
2|*7.32..3.|
3|....44331|
4|.....2.1.|
5|5...32232|
6|...6312..|
7|5....34..|
8|..6..5..4|
9|3.33..33.|
-|—————————|
Set/unset mines marks or claim a cell as free: 
> 3 5 mine
 |123456789|
—|—————————|
1|..211223.|
2|*7.32..3.|
3|....44331|
4|.....2.1.|
5|5.*.32232|
6|...6312..|
7|5....34..|
8|..6..5..4|
9|3.33..33.|
-|—————————|
Set/unset mines marks or claim a cell as free: 
> 4 5 mine
 |123456789|
—|—————————|
1|..211223.|
2|*7.32..3.|
3|....44331|
4|.....2.1.|
5|5.**32232|
6|...6312..|
7|5....34..|
8|..6..5..4|
9|3.33..33.|
-|—————————|
Set/unset mines marks or claim a cell as free: 
> 5 8 mine
 |123456789|
—|—————————|
1|..211223.|
2|*7.32..3.|
3|....44331|
4|.....2.1.|
5|5.**32232|
6|...6312..|
7|5....34..|
8|..6.*5..4|
9|3.33..33.|
-|—————————|
Set/unset mines marks or claim a cell as free: 
> 2 9 free
 |123456789|
—|—————————|
1|..211223.|
2|*7.32..3.|
3|....44331|
4|.....2.1.|
5|5.**32232|
6|...6312..|
7|5....34..|
8|..6.*5..4|
9|3X33..33.|
-|—————————|
You stepped on a mine and failed!
?[1;31m
Start test 114?[0m
How many mines do you want on the field? 
> 65
 |123456789|
—|—————————|
1|123.5.4.3|
2|.3....5..|
3|.65.545.4|
4|...4.3..2|
5|4.7.55.42|
6|4.....34.|
7|..44433..|
8|.433.45..|
9|2.2......|
-|—————————|
Set/unset mines marks or claim a cell as free: 
> 3 6 free
 |123456789|
—|—————————|
1|123.5.4.3|
2|.3....5..|
3|.65.545.4|
4|...4.3..2|
5|4.7.55.42|
6|4.X...34.|
7|..44433..|
8|.433.45..|
9|2.2......|
-|—————————|
You stepped on a mine and failed!
]]></system-out>
  <system-err><![CDATA[]]></system-err>
</testsuite>
